{"C:\\Users\\sergi\\OneDrive\\Desktop\\proyecto alkemy nodeJS\\OT291-server\\models\\index.js":{"path":"C:\\Users\\sergi\\OneDrive\\Desktop\\proyecto alkemy nodeJS\\OT291-server\\models\\index.js","statementMap":{"0":{"start":{"line":3,"column":11},"end":{"line":3,"column":24}},"1":{"start":{"line":4,"column":13},"end":{"line":4,"column":28}},"2":{"start":{"line":5,"column":18},"end":{"line":5,"column":38}},"3":{"start":{"line":6,"column":17},"end":{"line":6,"column":42}},"4":{"start":{"line":7,"column":15},"end":{"line":7,"column":67}},"5":{"start":{"line":8,"column":11},"end":{"line":8,"column":13}},"6":{"start":{"line":10,"column":18},"end":{"line":10,"column":90}},"7":{"start":{"line":12,"column":0},"end":{"line":20,"column":5}},"8":{"start":{"line":15,"column":4},"end":{"line":15,"column":90}},"9":{"start":{"line":18,"column":18},"end":{"line":18,"column":85}},"10":{"start":{"line":19,"column":4},"end":{"line":19,"column":27}},"11":{"start":{"line":22,"column":0},"end":{"line":26,"column":3}},"12":{"start":{"line":23,"column":2},"end":{"line":25,"column":3}},"13":{"start":{"line":24,"column":4},"end":{"line":24,"column":32}},"14":{"start":{"line":28,"column":0},"end":{"line":28,"column":25}},"15":{"start":{"line":29,"column":0},"end":{"line":29,"column":25}},"16":{"start":{"line":31,"column":0},"end":{"line":31,"column":20}}},"fnMap":{"0":{"name":"(anonymous_0)","decl":{"start":{"line":14,"column":10},"end":{"line":14,"column":11}},"loc":{"start":{"line":14,"column":18},"end":{"line":16,"column":3}},"line":14},"1":{"name":"(anonymous_1)","decl":{"start":{"line":17,"column":11},"end":{"line":17,"column":12}},"loc":{"start":{"line":17,"column":19},"end":{"line":20,"column":3}},"line":17},"2":{"name":"(anonymous_2)","decl":{"start":{"line":22,"column":24},"end":{"line":22,"column":25}},"loc":{"start":{"line":22,"column":37},"end":{"line":26,"column":1}},"line":22}},"branchMap":{"0":{"loc":{"start":{"line":15,"column":11},"end":{"line":15,"column":89}},"type":"binary-expr","locations":[{"start":{"line":15,"column":12},"end":{"line":15,"column":35}},{"start":{"line":15,"column":41},"end":{"line":15,"column":58}},{"start":{"line":15,"column":64},"end":{"line":15,"column":88}}],"line":15},"1":{"loc":{"start":{"line":23,"column":2},"end":{"line":25,"column":3}},"type":"if","locations":[{"start":{"line":23,"column":2},"end":{"line":25,"column":3}},{"start":{"line":23,"column":2},"end":{"line":25,"column":3}}],"line":23}},"s":{"0":1,"1":1,"2":1,"3":1,"4":1,"5":1,"6":1,"7":1,"8":13,"9":12,"10":12,"11":1,"12":12,"13":12,"14":1,"15":1,"16":1},"f":{"0":13,"1":12,"2":12},"b":{"0":[13,13,12],"1":[12,0]},"_coverageSchema":"1a1c01bbd47fc00a2c39e90264f33305004495a9","hash":"670b3061d051b7daeb6a3d6a971e99dec5212502","contentHash":"9185c6537e50e86b8be3c166ef36b6ef84fdadf5a297e6ec863abc0410416532"},"C:\\Users\\sergi\\OneDrive\\Desktop\\proyecto alkemy nodeJS\\OT291-server\\config\\config.js":{"path":"C:\\Users\\sergi\\OneDrive\\Desktop\\proyecto alkemy nodeJS\\OT291-server\\config\\config.js","statementMap":{"0":{"start":{"line":1,"column":0},"end":{"line":1,"column":26}},"1":{"start":{"line":3,"column":0},"end":{"line":26,"column":1}}},"fnMap":{},"branchMap":{},"s":{"0":1,"1":1},"f":{},"b":{},"_coverageSchema":"1a1c01bbd47fc00a2c39e90264f33305004495a9","hash":"d921640efc74b1d43aa9e810ec7d8c6f3602835a","contentHash":"0679810533c26ab5a1f0dbee45eb270589806859754d9c24deb1253c25616681"},"C:\\Users\\sergi\\OneDrive\\Desktop\\proyecto alkemy nodeJS\\OT291-server\\models\\activities.js":{"path":"C:\\Users\\sergi\\OneDrive\\Desktop\\proyecto alkemy nodeJS\\OT291-server\\models\\activities.js","statementMap":{"0":{"start":{"line":2,"column":18},"end":{"line":2,"column":38}},"1":{"start":{"line":3,"column":0},"end":{"line":28,"column":2}},"2":{"start":{"line":14,"column":2},"end":{"line":26,"column":4}},"3":{"start":{"line":27,"column":2},"end":{"line":27,"column":20}}},"fnMap":{"0":{"name":"(anonymous_0)","decl":{"start":{"line":3,"column":17},"end":{"line":3,"column":18}},"loc":{"start":{"line":3,"column":43},"end":{"line":28,"column":1}},"line":3},"1":{"name":"(anonymous_1)","decl":{"start":{"line":10,"column":4},"end":{"line":10,"column":5}},"loc":{"start":{"line":10,"column":29},"end":{"line":12,"column":5}},"line":10}},"branchMap":{},"s":{"0":1,"1":1,"2":1,"3":1},"f":{"0":1,"1":1},"b":{},"_coverageSchema":"1a1c01bbd47fc00a2c39e90264f33305004495a9","hash":"60f4d83e30b5b53ea887368b5e812efbaa22e23a","contentHash":"34e10e0621bc20c1380bad47ab1a51895975f213f774ddd1e288fe20e7eadb01"},"C:\\Users\\sergi\\OneDrive\\Desktop\\proyecto alkemy nodeJS\\OT291-server\\models\\categories.js":{"path":"C:\\Users\\sergi\\OneDrive\\Desktop\\proyecto alkemy nodeJS\\OT291-server\\models\\categories.js","statementMap":{"0":{"start":{"line":2,"column":18},"end":{"line":2,"column":38}},"1":{"start":{"line":3,"column":0},"end":{"line":22,"column":2}},"2":{"start":{"line":8,"column":2},"end":{"line":20,"column":4}},"3":{"start":{"line":21,"column":2},"end":{"line":21,"column":18}}},"fnMap":{"0":{"name":"(anonymous_0)","decl":{"start":{"line":3,"column":17},"end":{"line":3,"column":18}},"loc":{"start":{"line":3,"column":43},"end":{"line":22,"column":1}},"line":3},"1":{"name":"(anonymous_1)","decl":{"start":{"line":5,"column":4},"end":{"line":5,"column":5}},"loc":{"start":{"line":5,"column":29},"end":{"line":6,"column":5}},"line":5}},"branchMap":{},"s":{"0":1,"1":1,"2":1,"3":1},"f":{"0":1,"1":1},"b":{},"_coverageSchema":"1a1c01bbd47fc00a2c39e90264f33305004495a9","hash":"d749e7f037640cb83cac1d021c8d5afc9dcc1089","contentHash":"0d17b49d65ac4e8475133c86933b2cd6ad366a19b3628fccab00cddf1d8f604e"},"C:\\Users\\sergi\\OneDrive\\Desktop\\proyecto alkemy nodeJS\\OT291-server\\models\\comment.js":{"path":"C:\\Users\\sergi\\OneDrive\\Desktop\\proyecto alkemy nodeJS\\OT291-server\\models\\comment.js","statementMap":{"0":{"start":{"line":2,"column":18},"end":{"line":2,"column":38}},"1":{"start":{"line":3,"column":0},"end":{"line":29,"column":2}},"2":{"start":{"line":12,"column":6},"end":{"line":12,"column":61}},"3":{"start":{"line":13,"column":6},"end":{"line":13,"column":62}},"4":{"start":{"line":17,"column":2},"end":{"line":27,"column":4}},"5":{"start":{"line":28,"column":2},"end":{"line":28,"column":17}}},"fnMap":{"0":{"name":"(anonymous_0)","decl":{"start":{"line":3,"column":17},"end":{"line":3,"column":18}},"loc":{"start":{"line":3,"column":43},"end":{"line":29,"column":1}},"line":3},"1":{"name":"(anonymous_1)","decl":{"start":{"line":10,"column":4},"end":{"line":10,"column":5}},"loc":{"start":{"line":10,"column":29},"end":{"line":15,"column":5}},"line":10}},"branchMap":{},"s":{"0":1,"1":1,"2":1,"3":1,"4":1,"5":1},"f":{"0":1,"1":1},"b":{},"_coverageSchema":"1a1c01bbd47fc00a2c39e90264f33305004495a9","hash":"86042035bf6953084b7501d42c745d70dd27cc6a","contentHash":"996ccea3925658596bff60e3b91f0900cef15ac41a440ab1e6cf1fbf9c644d0d"},"C:\\Users\\sergi\\OneDrive\\Desktop\\proyecto alkemy nodeJS\\OT291-server\\models\\contact.js":{"path":"C:\\Users\\sergi\\OneDrive\\Desktop\\proyecto alkemy nodeJS\\OT291-server\\models\\contact.js","statementMap":{"0":{"start":{"line":4,"column":4},"end":{"line":4,"column":24}},"1":{"start":{"line":5,"column":0},"end":{"line":35,"column":2}},"2":{"start":{"line":10,"column":2},"end":{"line":33,"column":5}},"3":{"start":{"line":34,"column":2},"end":{"line":34,"column":17}}},"fnMap":{"0":{"name":"(anonymous_0)","decl":{"start":{"line":5,"column":17},"end":{"line":5,"column":18}},"loc":{"start":{"line":5,"column":43},"end":{"line":35,"column":1}},"line":5},"1":{"name":"(anonymous_1)","decl":{"start":{"line":7,"column":4},"end":{"line":7,"column":5}},"loc":{"start":{"line":7,"column":29},"end":{"line":8,"column":5}},"line":7}},"branchMap":{},"s":{"0":1,"1":1,"2":1,"3":1},"f":{"0":1,"1":1},"b":{},"_coverageSchema":"1a1c01bbd47fc00a2c39e90264f33305004495a9","hash":"d1431970976d91e053e5c0721e99ac29449fd5cf","contentHash":"1280c22dd0e73f751f840b7ad07daea3f3d628fa6e5a59c7b06965f9f5e3b612"},"C:\\Users\\sergi\\OneDrive\\Desktop\\proyecto alkemy nodeJS\\OT291-server\\models\\member.js":{"path":"C:\\Users\\sergi\\OneDrive\\Desktop\\proyecto alkemy nodeJS\\OT291-server\\models\\member.js","statementMap":{"0":{"start":{"line":4,"column":4},"end":{"line":4,"column":24}},"1":{"start":{"line":5,"column":0},"end":{"line":54,"column":2}},"2":{"start":{"line":16,"column":2},"end":{"line":52,"column":5}},"3":{"start":{"line":53,"column":2},"end":{"line":53,"column":16}}},"fnMap":{"0":{"name":"(anonymous_0)","decl":{"start":{"line":5,"column":17},"end":{"line":5,"column":18}},"loc":{"start":{"line":5,"column":43},"end":{"line":54,"column":1}},"line":5},"1":{"name":"(anonymous_1)","decl":{"start":{"line":12,"column":4},"end":{"line":12,"column":5}},"loc":{"start":{"line":12,"column":29},"end":{"line":14,"column":5}},"line":12}},"branchMap":{},"s":{"0":1,"1":1,"2":1,"3":1},"f":{"0":1,"1":1},"b":{},"_coverageSchema":"1a1c01bbd47fc00a2c39e90264f33305004495a9","hash":"d1d8fd162463f59246456169c7e3a556e8fb0191","contentHash":"b8b49e4411e886bc4bacf57b3834d9c935f30c5d3362282419b1ce0641ff7422"},"C:\\Users\\sergi\\OneDrive\\Desktop\\proyecto alkemy nodeJS\\OT291-server\\models\\new.js":{"path":"C:\\Users\\sergi\\OneDrive\\Desktop\\proyecto alkemy nodeJS\\OT291-server\\models\\new.js","statementMap":{"0":{"start":{"line":2,"column":18},"end":{"line":2,"column":38}},"1":{"start":{"line":3,"column":0},"end":{"line":30,"column":2}},"2":{"start":{"line":12,"column":6},"end":{"line":12,"column":37}},"3":{"start":{"line":15,"column":2},"end":{"line":28,"column":4}},"4":{"start":{"line":29,"column":2},"end":{"line":29,"column":13}}},"fnMap":{"0":{"name":"(anonymous_0)","decl":{"start":{"line":3,"column":17},"end":{"line":3,"column":18}},"loc":{"start":{"line":3,"column":43},"end":{"line":30,"column":1}},"line":3},"1":{"name":"(anonymous_1)","decl":{"start":{"line":10,"column":4},"end":{"line":10,"column":5}},"loc":{"start":{"line":10,"column":29},"end":{"line":13,"column":5}},"line":10}},"branchMap":{},"s":{"0":1,"1":1,"2":1,"3":1,"4":1},"f":{"0":1,"1":1},"b":{},"_coverageSchema":"1a1c01bbd47fc00a2c39e90264f33305004495a9","hash":"4ce42c549b1297b4130901831aa926df2c4327b7","contentHash":"dbff9e4bc8d3a686309725ee122b4f06699469cf6eff0685be66ddaa41e3edab"},"C:\\Users\\sergi\\OneDrive\\Desktop\\proyecto alkemy nodeJS\\OT291-server\\models\\orders.js":{"path":"C:\\Users\\sergi\\OneDrive\\Desktop\\proyecto alkemy nodeJS\\OT291-server\\models\\orders.js","statementMap":{"0":{"start":{"line":2,"column":18},"end":{"line":2,"column":38}},"1":{"start":{"line":3,"column":0},"end":{"line":30,"column":2}},"2":{"start":{"line":12,"column":6},"end":{"line":12,"column":63}},"3":{"start":{"line":15,"column":2},"end":{"line":28,"column":4}},"4":{"start":{"line":29,"column":2},"end":{"line":29,"column":16}}},"fnMap":{"0":{"name":"(anonymous_0)","decl":{"start":{"line":3,"column":17},"end":{"line":3,"column":18}},"loc":{"start":{"line":3,"column":43},"end":{"line":30,"column":1}},"line":3},"1":{"name":"(anonymous_1)","decl":{"start":{"line":10,"column":4},"end":{"line":10,"column":5}},"loc":{"start":{"line":10,"column":29},"end":{"line":13,"column":5}},"line":10}},"branchMap":{},"s":{"0":1,"1":1,"2":1,"3":1,"4":1},"f":{"0":1,"1":1},"b":{},"_coverageSchema":"1a1c01bbd47fc00a2c39e90264f33305004495a9","hash":"ddf79dff41bc61dba6c1af7c1b6e0a14739dbb8e","contentHash":"0b4deb6e4ebf01737db6f9965672233f89ff65b05682b044970d3e8b2130ad3b"},"C:\\Users\\sergi\\OneDrive\\Desktop\\proyecto alkemy nodeJS\\OT291-server\\models\\organization.js":{"path":"C:\\Users\\sergi\\OneDrive\\Desktop\\proyecto alkemy nodeJS\\OT291-server\\models\\organization.js","statementMap":{"0":{"start":{"line":2,"column":18},"end":{"line":2,"column":38}},"1":{"start":{"line":3,"column":0},"end":{"line":35,"column":2}},"2":{"start":{"line":14,"column":2},"end":{"line":33,"column":4}},"3":{"start":{"line":34,"column":2},"end":{"line":34,"column":22}}},"fnMap":{"0":{"name":"(anonymous_0)","decl":{"start":{"line":3,"column":17},"end":{"line":3,"column":18}},"loc":{"start":{"line":3,"column":43},"end":{"line":35,"column":1}},"line":3},"1":{"name":"(anonymous_1)","decl":{"start":{"line":10,"column":4},"end":{"line":10,"column":5}},"loc":{"start":{"line":10,"column":29},"end":{"line":12,"column":5}},"line":10}},"branchMap":{},"s":{"0":1,"1":1,"2":1,"3":1},"f":{"0":1,"1":1},"b":{},"_coverageSchema":"1a1c01bbd47fc00a2c39e90264f33305004495a9","hash":"b266a89fcaf3a1724af2c93323e10b690190967b","contentHash":"b222d4d3518681c6271e5e35fc5e8602d7b39ac8195df961e8f66ef6ec8d4c05"},"C:\\Users\\sergi\\OneDrive\\Desktop\\proyecto alkemy nodeJS\\OT291-server\\models\\role.js":{"path":"C:\\Users\\sergi\\OneDrive\\Desktop\\proyecto alkemy nodeJS\\OT291-server\\models\\role.js","statementMap":{"0":{"start":{"line":2,"column":18},"end":{"line":2,"column":38}},"1":{"start":{"line":3,"column":0},"end":{"line":28,"column":2}},"2":{"start":{"line":12,"column":6},"end":{"line":12,"column":32}},"3":{"start":{"line":15,"column":2},"end":{"line":26,"column":4}},"4":{"start":{"line":27,"column":2},"end":{"line":27,"column":14}}},"fnMap":{"0":{"name":"(anonymous_0)","decl":{"start":{"line":3,"column":17},"end":{"line":3,"column":18}},"loc":{"start":{"line":3,"column":43},"end":{"line":28,"column":1}},"line":3},"1":{"name":"(anonymous_1)","decl":{"start":{"line":10,"column":4},"end":{"line":10,"column":5}},"loc":{"start":{"line":10,"column":29},"end":{"line":13,"column":5}},"line":10}},"branchMap":{},"s":{"0":1,"1":1,"2":1,"3":1,"4":1},"f":{"0":1,"1":1},"b":{},"_coverageSchema":"1a1c01bbd47fc00a2c39e90264f33305004495a9","hash":"5691dd8c5f6f06e1348b6e2798f6a89fe01abbbc","contentHash":"f7e427827c65001efb75ea79b85baff6809b7b61ec1b9537ae422cc3f4217f4c"},"C:\\Users\\sergi\\OneDrive\\Desktop\\proyecto alkemy nodeJS\\OT291-server\\models\\slide.js":{"path":"C:\\Users\\sergi\\OneDrive\\Desktop\\proyecto alkemy nodeJS\\OT291-server\\models\\slide.js","statementMap":{"0":{"start":{"line":4,"column":4},"end":{"line":4,"column":24}},"1":{"start":{"line":5,"column":0},"end":{"line":51,"column":2}},"2":{"start":{"line":14,"column":6},"end":{"line":18,"column":8}},"3":{"start":{"line":21,"column":2},"end":{"line":49,"column":5}},"4":{"start":{"line":50,"column":2},"end":{"line":50,"column":15}}},"fnMap":{"0":{"name":"(anonymous_0)","decl":{"start":{"line":5,"column":17},"end":{"line":5,"column":18}},"loc":{"start":{"line":5,"column":43},"end":{"line":51,"column":1}},"line":5},"1":{"name":"(anonymous_1)","decl":{"start":{"line":12,"column":4},"end":{"line":12,"column":5}},"loc":{"start":{"line":12,"column":29},"end":{"line":19,"column":5}},"line":12}},"branchMap":{},"s":{"0":1,"1":1,"2":1,"3":1,"4":1},"f":{"0":1,"1":1},"b":{},"_coverageSchema":"1a1c01bbd47fc00a2c39e90264f33305004495a9","hash":"2247163bd39084092df1253ce9f94f7c814fab5c","contentHash":"e1618c991072efa4c837860ada27b0ea75368eeb22507af1a8a599c85a880dd4"},"C:\\Users\\sergi\\OneDrive\\Desktop\\proyecto alkemy nodeJS\\OT291-server\\models\\testimonial.js":{"path":"C:\\Users\\sergi\\OneDrive\\Desktop\\proyecto alkemy nodeJS\\OT291-server\\models\\testimonial.js","statementMap":{"0":{"start":{"line":2,"column":18},"end":{"line":2,"column":38}},"1":{"start":{"line":3,"column":0},"end":{"line":35,"column":2}},"2":{"start":{"line":14,"column":2},"end":{"line":33,"column":4}},"3":{"start":{"line":34,"column":2},"end":{"line":34,"column":21}}},"fnMap":{"0":{"name":"(anonymous_0)","decl":{"start":{"line":3,"column":17},"end":{"line":3,"column":18}},"loc":{"start":{"line":3,"column":43},"end":{"line":35,"column":1}},"line":3},"1":{"name":"(anonymous_1)","decl":{"start":{"line":10,"column":4},"end":{"line":10,"column":5}},"loc":{"start":{"line":10,"column":29},"end":{"line":12,"column":5}},"line":10}},"branchMap":{},"s":{"0":1,"1":1,"2":1,"3":1},"f":{"0":1,"1":1},"b":{},"_coverageSchema":"1a1c01bbd47fc00a2c39e90264f33305004495a9","hash":"4fd3db4f8369a0a8aac12427c0ca0b7ebc2024c4","contentHash":"d17d2495e5d984ac675bcc89a32ad3fff1ebd29f4a12c3371ab6681def402860"},"C:\\Users\\sergi\\OneDrive\\Desktop\\proyecto alkemy nodeJS\\OT291-server\\models\\user.js":{"path":"C:\\Users\\sergi\\OneDrive\\Desktop\\proyecto alkemy nodeJS\\OT291-server\\models\\user.js","statementMap":{"0":{"start":{"line":2,"column":18},"end":{"line":2,"column":38}},"1":{"start":{"line":3,"column":0},"end":{"line":55,"column":2}},"2":{"start":{"line":11,"column":6},"end":{"line":11,"column":34}},"3":{"start":{"line":14,"column":2},"end":{"line":53,"column":4}},"4":{"start":{"line":54,"column":2},"end":{"line":54,"column":14}}},"fnMap":{"0":{"name":"(anonymous_0)","decl":{"start":{"line":3,"column":17},"end":{"line":3,"column":18}},"loc":{"start":{"line":3,"column":43},"end":{"line":55,"column":1}},"line":3},"1":{"name":"(anonymous_1)","decl":{"start":{"line":10,"column":4},"end":{"line":10,"column":5}},"loc":{"start":{"line":10,"column":29},"end":{"line":12,"column":5}},"line":10}},"branchMap":{},"s":{"0":1,"1":1,"2":1,"3":1,"4":1},"f":{"0":1,"1":1},"b":{},"_coverageSchema":"1a1c01bbd47fc00a2c39e90264f33305004495a9","hash":"ce5cacc089d4df77351c38773eab88e429f3bf2a","contentHash":"158beeda9ff59f792703d7a28603c6fa30a60950c2851691b44cb9224d1421f8"},"C:\\Users\\sergi\\OneDrive\\Desktop\\proyecto alkemy nodeJS\\OT291-server\\middlewares\\verify-role.js":{"path":"C:\\Users\\sergi\\OneDrive\\Desktop\\proyecto alkemy nodeJS\\OT291-server\\middlewares\\verify-role.js","statementMap":{"0":{"start":{"line":1,"column":21},"end":{"line":1,"column":39}},"1":{"start":{"line":2,"column":32},"end":{"line":2,"column":52}},"2":{"start":{"line":3,"column":14},"end":{"line":3,"column":41}},"3":{"start":{"line":4,"column":16},"end":{"line":4,"column":38}},"4":{"start":{"line":8,"column":22},"end":{"line":8,"column":50}},"5":{"start":{"line":9,"column":4},"end":{"line":11,"column":5}},"6":{"start":{"line":10,"column":6},"end":{"line":10,"column":80}},"7":{"start":{"line":12,"column":4},"end":{"line":21,"column":5}},"8":{"start":{"line":13,"column":24},"end":{"line":13,"column":50}},"9":{"start":{"line":14,"column":19},"end":{"line":17,"column":8}},"10":{"start":{"line":18,"column":6},"end":{"line":18,"column":53}},"11":{"start":{"line":20,"column":6},"end":{"line":20,"column":48}},"12":{"start":{"line":25,"column":19},"end":{"line":25,"column":29}},"13":{"start":{"line":26,"column":4},"end":{"line":33,"column":5}},"14":{"start":{"line":27,"column":19},"end":{"line":27,"column":64}},"15":{"start":{"line":28,"column":6},"end":{"line":30,"column":8}},"16":{"start":{"line":32,"column":6},"end":{"line":32,"column":54}},"17":{"start":{"line":37,"column":4},"end":{"line":44,"column":5}},"18":{"start":{"line":38,"column":24},"end":{"line":38,"column":69}},"19":{"start":{"line":39,"column":6},"end":{"line":41,"column":72}},"20":{"start":{"line":43,"column":6},"end":{"line":43,"column":19}},"21":{"start":{"line":48,"column":19},"end":{"line":48,"column":29}},"22":{"start":{"line":50,"column":4},"end":{"line":55,"column":5}},"23":{"start":{"line":51,"column":6},"end":{"line":51,"column":54}},"24":{"start":{"line":52,"column":6},"end":{"line":52,"column":54}},"25":{"start":{"line":52,"column":40},"end":{"line":52,"column":54}},"26":{"start":{"line":54,"column":6},"end":{"line":54,"column":19}},"27":{"start":{"line":56,"column":4},"end":{"line":67,"column":5}},"28":{"start":{"line":57,"column":6},"end":{"line":57,"column":43}},"29":{"start":{"line":58,"column":6},"end":{"line":64,"column":13}},"30":{"start":{"line":66,"column":6},"end":{"line":66,"column":19}},"31":{"start":{"line":70,"column":22},"end":{"line":70,"column":50}},"32":{"start":{"line":71,"column":4},"end":{"line":75,"column":5}},"33":{"start":{"line":72,"column":6},"end":{"line":74,"column":9}},"34":{"start":{"line":77,"column":22},"end":{"line":77,"column":45}},"35":{"start":{"line":80,"column":4},"end":{"line":100,"column":5}},"36":{"start":{"line":81,"column":6},"end":{"line":81,"column":49}},"37":{"start":{"line":82,"column":6},"end":{"line":89,"column":9}},"38":{"start":{"line":91,"column":6},"end":{"line":95,"column":7}},"39":{"start":{"line":92,"column":8},"end":{"line":94,"column":11}},"40":{"start":{"line":97,"column":6},"end":{"line":99,"column":9}},"41":{"start":{"line":102,"column":4},"end":{"line":128,"column":5}},"42":{"start":{"line":103,"column":6},"end":{"line":106,"column":9}},"43":{"start":{"line":107,"column":6},"end":{"line":111,"column":7}},"44":{"start":{"line":108,"column":8},"end":{"line":110,"column":11}},"45":{"start":{"line":112,"column":6},"end":{"line":114,"column":7}},"46":{"start":{"line":113,"column":8},"end":{"line":113,"column":22}},"47":{"start":{"line":115,"column":6},"end":{"line":117,"column":7}},"48":{"start":{"line":116,"column":8},"end":{"line":116,"column":22}},"49":{"start":{"line":119,"column":6},"end":{"line":121,"column":9}},"50":{"start":{"line":123,"column":6},"end":{"line":123,"column":25}},"51":{"start":{"line":124,"column":6},"end":{"line":127,"column":9}},"52":{"start":{"line":131,"column":22},"end":{"line":131,"column":50}},"53":{"start":{"line":132,"column":4},"end":{"line":136,"column":5}},"54":{"start":{"line":133,"column":6},"end":{"line":135,"column":9}},"55":{"start":{"line":138,"column":22},"end":{"line":138,"column":45}},"56":{"start":{"line":141,"column":4},"end":{"line":160,"column":5}},"57":{"start":{"line":142,"column":6},"end":{"line":142,"column":49}},"58":{"start":{"line":143,"column":6},"end":{"line":150,"column":9}},"59":{"start":{"line":151,"column":6},"end":{"line":155,"column":7}},"60":{"start":{"line":152,"column":8},"end":{"line":154,"column":11}},"61":{"start":{"line":157,"column":6},"end":{"line":159,"column":9}},"62":{"start":{"line":162,"column":4},"end":{"line":189,"column":5}},"63":{"start":{"line":163,"column":6},"end":{"line":166,"column":9}},"64":{"start":{"line":168,"column":6},"end":{"line":172,"column":7}},"65":{"start":{"line":169,"column":8},"end":{"line":171,"column":11}},"66":{"start":{"line":174,"column":6},"end":{"line":176,"column":7}},"67":{"start":{"line":175,"column":8},"end":{"line":175,"column":22}},"68":{"start":{"line":178,"column":6},"end":{"line":180,"column":7}},"69":{"start":{"line":179,"column":8},"end":{"line":179,"column":22}},"70":{"start":{"line":182,"column":6},"end":{"line":184,"column":9}},"71":{"start":{"line":186,"column":6},"end":{"line":188,"column":9}},"72":{"start":{"line":193,"column":0},"end":{"line":193,"column":32}}},"fnMap":{"0":{"name":"(anonymous_0)","decl":{"start":{"line":7,"column":2},"end":{"line":7,"column":3}},"loc":{"start":{"line":7,"column":40},"end":{"line":22,"column":3}},"line":7},"1":{"name":"(anonymous_1)","decl":{"start":{"line":24,"column":2},"end":{"line":24,"column":3}},"loc":{"start":{"line":24,"column":39},"end":{"line":34,"column":3}},"line":24},"2":{"name":"(anonymous_2)","decl":{"start":{"line":36,"column":2},"end":{"line":36,"column":3}},"loc":{"start":{"line":36,"column":43},"end":{"line":45,"column":3}},"line":36},"3":{"name":"(anonymous_3)","decl":{"start":{"line":47,"column":2},"end":{"line":47,"column":3}},"loc":{"start":{"line":47,"column":46},"end":{"line":68,"column":3}},"line":47},"4":{"name":"(anonymous_4)","decl":{"start":{"line":69,"column":2},"end":{"line":69,"column":3}},"loc":{"start":{"line":69,"column":48},"end":{"line":129,"column":3}},"line":69},"5":{"name":"(anonymous_5)","decl":{"start":{"line":130,"column":2},"end":{"line":130,"column":3}},"loc":{"start":{"line":130,"column":48},"end":{"line":190,"column":3}},"line":130}},"branchMap":{"0":{"loc":{"start":{"line":9,"column":4},"end":{"line":11,"column":5}},"type":"if","locations":[{"start":{"line":9,"column":4},"end":{"line":11,"column":5}},{"start":{"line":9,"column":4},"end":{"line":11,"column":5}}],"line":9},"1":{"loc":{"start":{"line":18,"column":13},"end":{"line":18,"column":52}},"type":"cond-expr","locations":[{"start":{"line":18,"column":20},"end":{"line":18,"column":24}},{"start":{"line":18,"column":27},"end":{"line":18,"column":52}}],"line":18},"2":{"loc":{"start":{"line":29,"column":8},"end":{"line":29,"column":76}},"type":"binary-expr","locations":[{"start":{"line":29,"column":9},"end":{"line":29,"column":35}},{"start":{"line":29,"column":39},"end":{"line":29,"column":45}},{"start":{"line":29,"column":51},"end":{"line":29,"column":65}},{"start":{"line":29,"column":69},"end":{"line":29,"column":75}}],"line":29},"3":{"loc":{"start":{"line":39,"column":13},"end":{"line":41,"column":71}},"type":"cond-expr","locations":[{"start":{"line":40,"column":10},"end":{"line":40,"column":16}},{"start":{"line":41,"column":10},"end":{"line":41,"column":71}}],"line":39},"4":{"loc":{"start":{"line":52,"column":6},"end":{"line":52,"column":54}},"type":"if","locations":[{"start":{"line":52,"column":6},"end":{"line":52,"column":54}},{"start":{"line":52,"column":6},"end":{"line":52,"column":54}}],"line":52},"5":{"loc":{"start":{"line":58,"column":13},"end":{"line":64,"column":12}},"type":"cond-expr","locations":[{"start":{"line":59,"column":10},"end":{"line":59,"column":67}},{"start":{"line":60,"column":10},"end":{"line":64,"column":12}}],"line":58},"6":{"loc":{"start":{"line":60,"column":10},"end":{"line":64,"column":12}},"type":"cond-expr","locations":[{"start":{"line":61,"column":10},"end":{"line":61,"column":16}},{"start":{"line":62,"column":10},"end":{"line":64,"column":12}}],"line":60},"7":{"loc":{"start":{"line":60,"column":10},"end":{"line":60,"column":48}},"type":"binary-expr","locations":[{"start":{"line":60,"column":10},"end":{"line":60,"column":17}},{"start":{"line":60,"column":21},"end":{"line":60,"column":48}}],"line":60},"8":{"loc":{"start":{"line":71,"column":4},"end":{"line":75,"column":5}},"type":"if","locations":[{"start":{"line":71,"column":4},"end":{"line":75,"column":5}},{"start":{"line":71,"column":4},"end":{"line":75,"column":5}}],"line":71},"9":{"loc":{"start":{"line":91,"column":6},"end":{"line":95,"column":7}},"type":"if","locations":[{"start":{"line":91,"column":6},"end":{"line":95,"column":7}},{"start":{"line":91,"column":6},"end":{"line":95,"column":7}}],"line":91},"10":{"loc":{"start":{"line":107,"column":6},"end":{"line":111,"column":7}},"type":"if","locations":[{"start":{"line":107,"column":6},"end":{"line":111,"column":7}},{"start":{"line":107,"column":6},"end":{"line":111,"column":7}}],"line":107},"11":{"loc":{"start":{"line":112,"column":6},"end":{"line":114,"column":7}},"type":"if","locations":[{"start":{"line":112,"column":6},"end":{"line":114,"column":7}},{"start":{"line":112,"column":6},"end":{"line":114,"column":7}}],"line":112},"12":{"loc":{"start":{"line":115,"column":6},"end":{"line":117,"column":7}},"type":"if","locations":[{"start":{"line":115,"column":6},"end":{"line":117,"column":7}},{"start":{"line":115,"column":6},"end":{"line":117,"column":7}}],"line":115},"13":{"loc":{"start":{"line":132,"column":4},"end":{"line":136,"column":5}},"type":"if","locations":[{"start":{"line":132,"column":4},"end":{"line":136,"column":5}},{"start":{"line":132,"column":4},"end":{"line":136,"column":5}}],"line":132},"14":{"loc":{"start":{"line":151,"column":6},"end":{"line":155,"column":7}},"type":"if","locations":[{"start":{"line":151,"column":6},"end":{"line":155,"column":7}},{"start":{"line":151,"column":6},"end":{"line":155,"column":7}}],"line":151},"15":{"loc":{"start":{"line":168,"column":6},"end":{"line":172,"column":7}},"type":"if","locations":[{"start":{"line":168,"column":6},"end":{"line":172,"column":7}},{"start":{"line":168,"column":6},"end":{"line":172,"column":7}}],"line":168},"16":{"loc":{"start":{"line":174,"column":6},"end":{"line":176,"column":7}},"type":"if","locations":[{"start":{"line":174,"column":6},"end":{"line":176,"column":7}},{"start":{"line":174,"column":6},"end":{"line":176,"column":7}}],"line":174},"17":{"loc":{"start":{"line":178,"column":6},"end":{"line":180,"column":7}},"type":"if","locations":[{"start":{"line":178,"column":6},"end":{"line":180,"column":7}},{"start":{"line":178,"column":6},"end":{"line":180,"column":7}}],"line":178}},"s":{"0":1,"1":1,"2":1,"3":1,"4":0,"5":0,"6":0,"7":0,"8":0,"9":0,"10":0,"11":0,"12":0,"13":0,"14":0,"15":0,"16":0,"17":0,"18":0,"19":0,"20":0,"21":0,"22":0,"23":0,"24":0,"25":0,"26":0,"27":0,"28":0,"29":0,"30":0,"31":0,"32":0,"33":0,"34":0,"35":0,"36":0,"37":0,"38":0,"39":0,"40":0,"41":0,"42":0,"43":0,"44":0,"45":0,"46":0,"47":0,"48":0,"49":0,"50":0,"51":0,"52":0,"53":0,"54":0,"55":0,"56":0,"57":0,"58":0,"59":0,"60":0,"61":0,"62":0,"63":0,"64":0,"65":0,"66":0,"67":0,"68":0,"69":0,"70":0,"71":0,"72":1},"f":{"0":0,"1":0,"2":0,"3":0,"4":0,"5":0},"b":{"0":[0,0],"1":[0,0],"2":[0,0,0,0],"3":[0,0],"4":[0,0],"5":[0,0],"6":[0,0],"7":[0,0],"8":[0,0],"9":[0,0],"10":[0,0],"11":[0,0],"12":[0,0],"13":[0,0],"14":[0,0],"15":[0,0],"16":[0,0],"17":[0,0]},"_coverageSchema":"1a1c01bbd47fc00a2c39e90264f33305004495a9","hash":"315f9cf150d402bea0b8292ef1a938df181aacf7","contentHash":"43a9a5cb910a41e836d6665c1d94e839f8c1eb80759d4fdfbe5d335dc04d18cd"},"C:\\Users\\sergi\\OneDrive\\Desktop\\proyecto alkemy nodeJS\\OT291-server\\helpers\\Token.js":{"path":"C:\\Users\\sergi\\OneDrive\\Desktop\\proyecto alkemy nodeJS\\OT291-server\\helpers\\Token.js","statementMap":{"0":{"start":{"line":1,"column":12},"end":{"line":1,"column":35}},"1":{"start":{"line":2,"column":17},"end":{"line":2,"column":40}},"2":{"start":{"line":6,"column":4},"end":{"line":16,"column":5}},"3":{"start":{"line":7,"column":22},"end":{"line":7,"column":31}},"4":{"start":{"line":9,"column":20},"end":{"line":11,"column":8}},"5":{"start":{"line":13,"column":6},"end":{"line":13,"column":19}},"6":{"start":{"line":15,"column":6},"end":{"line":15,"column":18}},"7":{"start":{"line":21,"column":4},"end":{"line":30,"column":5}},"8":{"start":{"line":22,"column":28},"end":{"line":22,"column":52}},"9":{"start":{"line":23,"column":6},"end":{"line":25,"column":7}},"10":{"start":{"line":24,"column":8},"end":{"line":24,"column":43}},"11":{"start":{"line":26,"column":26},"end":{"line":26,"column":75}},"12":{"start":{"line":27,"column":6},"end":{"line":27,"column":25}},"13":{"start":{"line":29,"column":6},"end":{"line":29,"column":19}},"14":{"start":{"line":34,"column":0},"end":{"line":34,"column":23}}},"fnMap":{"0":{"name":"(anonymous_0)","decl":{"start":{"line":5,"column":2},"end":{"line":5,"column":3}},"loc":{"start":{"line":5,"column":28},"end":{"line":17,"column":3}},"line":5},"1":{"name":"(anonymous_1)","decl":{"start":{"line":19,"column":2},"end":{"line":19,"column":3}},"loc":{"start":{"line":19,"column":30},"end":{"line":31,"column":3}},"line":19}},"branchMap":{"0":{"loc":{"start":{"line":23,"column":6},"end":{"line":25,"column":7}},"type":"if","locations":[{"start":{"line":23,"column":6},"end":{"line":25,"column":7}},{"start":{"line":23,"column":6},"end":{"line":25,"column":7}}],"line":23},"1":{"loc":{"start":{"line":23,"column":10},"end":{"line":23,"column":75}},"type":"binary-expr","locations":[{"start":{"line":23,"column":10},"end":{"line":23,"column":23}},{"start":{"line":23,"column":27},"end":{"line":23,"column":75}}],"line":23}},"s":{"0":1,"1":1,"2":1,"3":1,"4":1,"5":1,"6":0,"7":2,"8":2,"9":0,"10":0,"11":0,"12":0,"13":2,"14":1},"f":{"0":1,"1":2},"b":{"0":[0,0],"1":[0,0]},"_coverageSchema":"1a1c01bbd47fc00a2c39e90264f33305004495a9","hash":"d2b3c45bb4aea77887fb7c70ae65c6744f386f1c","contentHash":"7cc9097724b37014154d5cf2ce68246481d56b0768b402cfad8c109e2ef77ed7"},"C:\\Users\\sergi\\OneDrive\\Desktop\\proyecto alkemy nodeJS\\OT291-server\\dao\\user.js":{"path":"C:\\Users\\sergi\\OneDrive\\Desktop\\proyecto alkemy nodeJS\\OT291-server\\dao\\user.js","statementMap":{"0":{"start":{"line":1,"column":17},"end":{"line":1,"column":37}},"1":{"start":{"line":9,"column":4},"end":{"line":16,"column":5}},"2":{"start":{"line":10,"column":23},"end":{"line":12,"column":8}},"3":{"start":{"line":13,"column":6},"end":{"line":13,"column":22}},"4":{"start":{"line":15,"column":6},"end":{"line":15,"column":20}},"5":{"start":{"line":20,"column":4},"end":{"line":29,"column":5}},"6":{"start":{"line":21,"column":25},"end":{"line":25,"column":8}},"7":{"start":{"line":26,"column":6},"end":{"line":26,"column":24}},"8":{"start":{"line":28,"column":6},"end":{"line":28,"column":29}},"9":{"start":{"line":33,"column":0},"end":{"line":33,"column":25}}},"fnMap":{"0":{"name":"(anonymous_0)","decl":{"start":{"line":8,"column":2},"end":{"line":8,"column":3}},"loc":{"start":{"line":8,"column":39},"end":{"line":17,"column":3}},"line":8},"1":{"name":"(anonymous_1)","decl":{"start":{"line":19,"column":2},"end":{"line":19,"column":3}},"loc":{"start":{"line":19,"column":55},"end":{"line":30,"column":3}},"line":19}},"branchMap":{},"s":{"0":1,"1":3,"2":3,"3":2,"4":1,"5":0,"6":0,"7":0,"8":0,"9":1},"f":{"0":3,"1":0},"b":{},"_coverageSchema":"1a1c01bbd47fc00a2c39e90264f33305004495a9","hash":"2ba63e37aacd1ee616879e905e5d096369944731","contentHash":"b8ee2a519c0544bd8271cd4f366b168fb854394e9fd0ad83755d9d8ccfcfa791"},"C:\\Users\\sergi\\OneDrive\\Desktop\\proyecto alkemy nodeJS\\OT291-server\\controllers\\authentication.js":{"path":"C:\\Users\\sergi\\OneDrive\\Desktop\\proyecto alkemy nodeJS\\OT291-server\\controllers\\authentication.js","statementMap":{"0":{"start":{"line":1,"column":11},"end":{"line":1,"column":31}},"1":{"start":{"line":2,"column":15},"end":{"line":2,"column":32}},"2":{"start":{"line":3,"column":16},"end":{"line":3,"column":48}},"3":{"start":{"line":4,"column":14},"end":{"line":4,"column":41}},"4":{"start":{"line":8,"column":32},"end":{"line":8,"column":40}},"5":{"start":{"line":10,"column":4},"end":{"line":30,"column":5}},"6":{"start":{"line":11,"column":20},"end":{"line":11,"column":36}},"7":{"start":{"line":12,"column":25},"end":{"line":12,"column":46}},"8":{"start":{"line":14,"column":23},"end":{"line":14,"column":64}},"9":{"start":{"line":16,"column":6},"end":{"line":18,"column":7}},"10":{"start":{"line":17,"column":8},"end":{"line":17,"column":28}},"11":{"start":{"line":20,"column":20},"end":{"line":20,"column":50}},"12":{"start":{"line":22,"column":23},"end":{"line":25,"column":7}},"13":{"start":{"line":27,"column":6},"end":{"line":27,"column":37}},"14":{"start":{"line":29,"column":6},"end":{"line":29,"column":34}},"15":{"start":{"line":34,"column":0},"end":{"line":34,"column":32}}},"fnMap":{"0":{"name":"(anonymous_0)","decl":{"start":{"line":7,"column":2},"end":{"line":7,"column":3}},"loc":{"start":{"line":7,"column":35},"end":{"line":31,"column":3}},"line":7}},"branchMap":{"0":{"loc":{"start":{"line":16,"column":6},"end":{"line":18,"column":7}},"type":"if","locations":[{"start":{"line":16,"column":6},"end":{"line":18,"column":7}},{"start":{"line":16,"column":6},"end":{"line":18,"column":7}}],"line":16},"1":{"loc":{"start":{"line":16,"column":10},"end":{"line":16,"column":71}},"type":"binary-expr","locations":[{"start":{"line":16,"column":10},"end":{"line":16,"column":19}},{"start":{"line":16,"column":23},"end":{"line":16,"column":71}}],"line":16}},"s":{"0":1,"1":1,"2":1,"3":1,"4":5,"5":5,"6":5,"7":5,"8":5,"9":4,"10":0,"11":3,"12":3,"13":3,"14":2,"15":1},"f":{"0":5},"b":{"0":[0,3],"1":[4,4]},"_coverageSchema":"1a1c01bbd47fc00a2c39e90264f33305004495a9","hash":"a75339acf6c2ed19bd960ef2e987a3d69d5d7fe0","contentHash":"be09bb811400e13d5b9d30ecfa77cf792c51daeeab28f464c822aebaa96df34d"},"C:\\Users\\sergi\\OneDrive\\Desktop\\proyecto alkemy nodeJS\\OT291-server\\dao\\authentication.js":{"path":"C:\\Users\\sergi\\OneDrive\\Desktop\\proyecto alkemy nodeJS\\OT291-server\\dao\\authentication.js","statementMap":{"0":{"start":{"line":1,"column":11},"end":{"line":1,"column":31}},"1":{"start":{"line":2,"column":17},"end":{"line":2,"column":19}},"2":{"start":{"line":10,"column":4},"end":{"line":19,"column":5}},"3":{"start":{"line":11,"column":23},"end":{"line":14,"column":8}},"4":{"start":{"line":16,"column":6},"end":{"line":16,"column":22}},"5":{"start":{"line":18,"column":6},"end":{"line":18,"column":29}},"6":{"start":{"line":23,"column":0},"end":{"line":23,"column":25}}},"fnMap":{"0":{"name":"(anonymous_0)","decl":{"start":{"line":9,"column":2},"end":{"line":9,"column":3}},"loc":{"start":{"line":9,"column":43},"end":{"line":20,"column":3}},"line":9}},"branchMap":{},"s":{"0":1,"1":1,"2":0,"3":0,"4":0,"5":0,"6":1},"f":{"0":0},"b":{},"_coverageSchema":"1a1c01bbd47fc00a2c39e90264f33305004495a9","hash":"5656b14d6f16cb2b242a5216d3fb2e7c3b5689b6","contentHash":"ddb1fe89ff3cc55dea7a910128b0888d574598e1e69b90067c631c47b6abd6a6"},"C:\\Users\\sergi\\OneDrive\\Desktop\\proyecto alkemy nodeJS\\OT291-server\\controllers\\user-controller.js":{"path":"C:\\Users\\sergi\\OneDrive\\Desktop\\proyecto alkemy nodeJS\\OT291-server\\controllers\\user-controller.js","statementMap":{"0":{"start":{"line":1,"column":17},"end":{"line":1,"column":37}},"1":{"start":{"line":2,"column":14},"end":{"line":2,"column":41}},"2":{"start":{"line":3,"column":15},"end":{"line":3,"column":32}},"3":{"start":{"line":4,"column":23},"end":{"line":4,"column":60}},"4":{"start":{"line":5,"column":16},"end":{"line":5,"column":48}},"5":{"start":{"line":6,"column":16},"end":{"line":6,"column":38}},"6":{"start":{"line":10,"column":4},"end":{"line":36,"column":5}},"7":{"start":{"line":11,"column":55},"end":{"line":11,"column":63}},"8":{"start":{"line":12,"column":20},"end":{"line":12,"column":50}},"9":{"start":{"line":13,"column":19},"end":{"line":21,"column":8}},"10":{"start":{"line":22,"column":23},"end":{"line":27,"column":7}},"11":{"start":{"line":28,"column":6},"end":{"line":32,"column":8}},"12":{"start":{"line":33,"column":6},"end":{"line":33,"column":37}},"13":{"start":{"line":35,"column":6},"end":{"line":35,"column":61}},"14":{"start":{"line":40,"column":19},"end":{"line":40,"column":29}},"15":{"start":{"line":41,"column":4},"end":{"line":50,"column":5}},"16":{"start":{"line":42,"column":26},"end":{"line":44,"column":8}},"17":{"start":{"line":45,"column":6},"end":{"line":47,"column":63}},"18":{"start":{"line":49,"column":6},"end":{"line":49,"column":60}},"19":{"start":{"line":55,"column":22},"end":{"line":55,"column":48}},"20":{"start":{"line":56,"column":4},"end":{"line":66,"column":5}},"21":{"start":{"line":57,"column":23},"end":{"line":62,"column":8}},"22":{"start":{"line":63,"column":6},"end":{"line":63,"column":36}},"23":{"start":{"line":65,"column":6},"end":{"line":65,"column":58}},"24":{"start":{"line":70,"column":4},"end":{"line":81,"column":5}},"25":{"start":{"line":71,"column":23},"end":{"line":76,"column":8}},"26":{"start":{"line":77,"column":6},"end":{"line":77,"column":65}},"27":{"start":{"line":77,"column":27},"end":{"line":77,"column":65}},"28":{"start":{"line":78,"column":6},"end":{"line":78,"column":66}},"29":{"start":{"line":80,"column":6},"end":{"line":80,"column":60}},"30":{"start":{"line":85,"column":19},"end":{"line":85,"column":29}},"31":{"start":{"line":86,"column":60},"end":{"line":86,"column":68}},"32":{"start":{"line":88,"column":4},"end":{"line":101,"column":5}},"33":{"start":{"line":89,"column":9},"end":{"line":98,"column":12}},"34":{"start":{"line":100,"column":6},"end":{"line":100,"column":67}},"35":{"start":{"line":102,"column":4},"end":{"line":104,"column":5}},"36":{"start":{"line":103,"column":6},"end":{"line":103,"column":69}},"37":{"start":{"line":105,"column":4},"end":{"line":105,"column":64}},"38":{"start":{"line":109,"column":0},"end":{"line":109,"column":32}}},"fnMap":{"0":{"name":"(anonymous_0)","decl":{"start":{"line":9,"column":2},"end":{"line":9,"column":3}},"loc":{"start":{"line":9,"column":36},"end":{"line":37,"column":3}},"line":9},"1":{"name":"(anonymous_1)","decl":{"start":{"line":39,"column":2},"end":{"line":39,"column":3}},"loc":{"start":{"line":39,"column":42},"end":{"line":51,"column":3}},"line":39},"2":{"name":"(anonymous_2)","decl":{"start":{"line":53,"column":2},"end":{"line":53,"column":3}},"loc":{"start":{"line":53,"column":39},"end":{"line":67,"column":3}},"line":53},"3":{"name":"(anonymous_3)","decl":{"start":{"line":69,"column":2},"end":{"line":69,"column":3}},"loc":{"start":{"line":69,"column":38},"end":{"line":82,"column":3}},"line":69},"4":{"name":"(anonymous_4)","decl":{"start":{"line":84,"column":2},"end":{"line":84,"column":3}},"loc":{"start":{"line":84,"column":36},"end":{"line":106,"column":3}},"line":84}},"branchMap":{"0":{"loc":{"start":{"line":45,"column":6},"end":{"line":47,"column":62}},"type":"cond-expr","locations":[{"start":{"line":46,"column":10},"end":{"line":46,"column":68}},{"start":{"line":47,"column":10},"end":{"line":47,"column":62}}],"line":45},"1":{"loc":{"start":{"line":77,"column":6},"end":{"line":77,"column":65}},"type":"if","locations":[{"start":{"line":77,"column":6},"end":{"line":77,"column":65}},{"start":{"line":77,"column":6},"end":{"line":77,"column":65}}],"line":77},"2":{"loc":{"start":{"line":102,"column":4},"end":{"line":104,"column":5}},"type":"if","locations":[{"start":{"line":102,"column":4},"end":{"line":104,"column":5}},{"start":{"line":102,"column":4},"end":{"line":104,"column":5}}],"line":102}},"s":{"0":1,"1":1,"2":1,"3":1,"4":1,"5":1,"6":6,"7":6,"8":6,"9":5,"10":4,"11":4,"12":4,"13":2,"14":2,"15":2,"16":2,"17":2,"18":0,"19":2,"20":2,"21":2,"22":1,"23":1,"24":3,"25":3,"26":2,"27":1,"28":1,"29":1,"30":0,"31":0,"32":0,"33":0,"34":0,"35":0,"36":0,"37":0,"38":1},"f":{"0":6,"1":2,"2":2,"3":3,"4":0},"b":{"0":[1,1],"1":[1,1],"2":[0,0]},"_coverageSchema":"1a1c01bbd47fc00a2c39e90264f33305004495a9","hash":"0e2a62fb8f8687f70ff61c4688a36d2bf805c10f","contentHash":"8373076df9383fd4b9adece700f09dcba352aacbfddd67cf1ecd3cc8fccb2e4d"},"C:\\Users\\sergi\\OneDrive\\Desktop\\proyecto alkemy nodeJS\\OT291-server\\services\\notifyViaEmail.js":{"path":"C:\\Users\\sergi\\OneDrive\\Desktop\\proyecto alkemy nodeJS\\OT291-server\\services\\notifyViaEmail.js","statementMap":{"0":{"start":{"line":1,"column":0},"end":{"line":1,"column":27}},"1":{"start":{"line":2,"column":13},"end":{"line":2,"column":28}},"2":{"start":{"line":3,"column":11},"end":{"line":3,"column":24}},"3":{"start":{"line":4,"column":15},"end":{"line":4,"column":40}},"4":{"start":{"line":6,"column":16},"end":{"line":6,"column":167}},"5":{"start":{"line":7,"column":28},"end":{"line":7,"column":39}},"6":{"start":{"line":8,"column":23},"end":{"line":8,"column":55}},"7":{"start":{"line":10,"column":4},"end":{"line":20,"column":5}},"8":{"start":{"line":12,"column":6},"end":{"line":17,"column":8}},"9":{"start":{"line":13,"column":8},"end":{"line":15,"column":9}},"10":{"start":{"line":14,"column":10},"end":{"line":14,"column":20}},"11":{"start":{"line":16,"column":8},"end":{"line":16,"column":19}},"12":{"start":{"line":19,"column":6},"end":{"line":19,"column":28}},"13":{"start":{"line":23,"column":4},"end":{"line":23,"column":42}},"14":{"start":{"line":24,"column":4},"end":{"line":42,"column":7}},"15":{"start":{"line":45,"column":0},"end":{"line":45,"column":32}}},"fnMap":{"0":{"name":"(anonymous_0)","decl":{"start":{"line":9,"column":2},"end":{"line":9,"column":3}},"loc":{"start":{"line":9,"column":24},"end":{"line":21,"column":3}},"line":9},"1":{"name":"(anonymous_1)","decl":{"start":{"line":12,"column":103},"end":{"line":12,"column":104}},"loc":{"start":{"line":12,"column":118},"end":{"line":17,"column":7}},"line":12},"2":{"name":"(anonymous_2)","decl":{"start":{"line":22,"column":2},"end":{"line":22,"column":3}},"loc":{"start":{"line":22,"column":45},"end":{"line":43,"column":3}},"line":22}},"branchMap":{"0":{"loc":{"start":{"line":13,"column":8},"end":{"line":15,"column":9}},"type":"if","locations":[{"start":{"line":13,"column":8},"end":{"line":15,"column":9}},{"start":{"line":13,"column":8},"end":{"line":15,"column":9}}],"line":13}},"s":{"0":1,"1":1,"2":1,"3":1,"4":1,"5":1,"6":1,"7":1,"8":1,"9":0,"10":0,"11":0,"12":0,"13":1,"14":1,"15":1},"f":{"0":1,"1":0,"2":1},"b":{"0":[0,0]},"_coverageSchema":"1a1c01bbd47fc00a2c39e90264f33305004495a9","hash":"e09e91f84a73d36e5f38059d91d28b644658e9d1","contentHash":"8d0b4431b807ccf507848ef9c84f20334beed04e5a53688b483e5c557f97f599"},"C:\\Users\\sergi\\OneDrive\\Desktop\\proyecto alkemy nodeJS\\OT291-server\\dao\\contact.js":{"path":"C:\\Users\\sergi\\OneDrive\\Desktop\\proyecto alkemy nodeJS\\OT291-server\\dao\\contact.js","statementMap":{"0":{"start":{"line":1,"column":23},"end":{"line":1,"column":57}},"1":{"start":{"line":2,"column":20},"end":{"line":2,"column":41}},"2":{"start":{"line":5,"column":4},"end":{"line":11,"column":5}},"3":{"start":{"line":6,"column":26},"end":{"line":6,"column":52}},"4":{"start":{"line":7,"column":21},"end":{"line":7,"column":60}},"5":{"start":{"line":8,"column":6},"end":{"line":8,"column":20}},"6":{"start":{"line":10,"column":6},"end":{"line":10,"column":29}},"7":{"start":{"line":20,"column":4},"end":{"line":27,"column":5}},"8":{"start":{"line":21,"column":26},"end":{"line":23,"column":8}},"9":{"start":{"line":24,"column":6},"end":{"line":24,"column":25}},"10":{"start":{"line":26,"column":6},"end":{"line":26,"column":19}},"11":{"start":{"line":31,"column":0},"end":{"line":31,"column":28}}},"fnMap":{"0":{"name":"(anonymous_0)","decl":{"start":{"line":4,"column":2},"end":{"line":4,"column":3}},"loc":{"start":{"line":4,"column":35},"end":{"line":12,"column":3}},"line":4},"1":{"name":"(anonymous_1)","decl":{"start":{"line":19,"column":2},"end":{"line":19,"column":3}},"loc":{"start":{"line":19,"column":42},"end":{"line":28,"column":3}},"line":19}},"branchMap":{},"s":{"0":1,"1":1,"2":0,"3":0,"4":0,"5":0,"6":0,"7":0,"8":0,"9":0,"10":0,"11":1},"f":{"0":0,"1":0},"b":{},"_coverageSchema":"1a1c01bbd47fc00a2c39e90264f33305004495a9","hash":"62ee84728aa4bc05cb61bf1abb58dc3c134cfe5f","contentHash":"733678ef19e1a7b84044fcc138714e945459e3a96ef3684115e914a534b5f8e8"},"C:\\Users\\sergi\\OneDrive\\Desktop\\proyecto alkemy nodeJS\\OT291-server\\utils\\formatResponse.js":{"path":"C:\\Users\\sergi\\OneDrive\\Desktop\\proyecto alkemy nodeJS\\OT291-server\\utils\\formatResponse.js","statementMap":{"0":{"start":{"line":3,"column":47},"end":{"line":3,"column":61}},"1":{"start":{"line":4,"column":4},"end":{"line":4,"column":17}},"2":{"start":{"line":7,"column":0},"end":{"line":7,"column":32}}},"fnMap":{"0":{"name":"(anonymous_0)","decl":{"start":{"line":2,"column":2},"end":{"line":2,"column":3}},"loc":{"start":{"line":2,"column":26},"end":{"line":5,"column":3}},"line":2}},"branchMap":{},"s":{"0":0,"1":0,"2":1},"f":{"0":0},"b":{},"_coverageSchema":"1a1c01bbd47fc00a2c39e90264f33305004495a9","hash":"adfe31eefa85375e9bbc1ec26596cd9c94365b39","contentHash":"6c8f5c4b0bed8b405436e33532ba2c25ce75452f7e359bce618979b4499941ec"},"C:\\Users\\sergi\\OneDrive\\Desktop\\proyecto alkemy nodeJS\\OT291-server\\dao\\slide.js":{"path":"C:\\Users\\sergi\\OneDrive\\Desktop\\proyecto alkemy nodeJS\\OT291-server\\dao\\slide.js","statementMap":{"0":{"start":{"line":1,"column":18},"end":{"line":1,"column":38}},"1":{"start":{"line":2,"column":23},"end":{"line":2,"column":57}},"2":{"start":{"line":13,"column":4},"end":{"line":21,"column":5}},"3":{"start":{"line":14,"column":24},"end":{"line":17,"column":8}},"4":{"start":{"line":18,"column":6},"end":{"line":18,"column":23}},"5":{"start":{"line":20,"column":6},"end":{"line":20,"column":29}},"6":{"start":{"line":24,"column":4},"end":{"line":29,"column":5}},"7":{"start":{"line":25,"column":24},"end":{"line":25,"column":49}},"8":{"start":{"line":26,"column":6},"end":{"line":26,"column":23}},"9":{"start":{"line":28,"column":6},"end":{"line":28,"column":29}},"10":{"start":{"line":32,"column":4},"end":{"line":41,"column":5}},"11":{"start":{"line":33,"column":24},"end":{"line":37,"column":8}},"12":{"start":{"line":38,"column":6},"end":{"line":38,"column":23}},"13":{"start":{"line":40,"column":6},"end":{"line":40,"column":29}},"14":{"start":{"line":44,"column":4},"end":{"line":52,"column":5}},"15":{"start":{"line":45,"column":25},"end":{"line":47,"column":8}},"16":{"start":{"line":49,"column":6},"end":{"line":49,"column":24}},"17":{"start":{"line":51,"column":6},"end":{"line":51,"column":29}},"18":{"start":{"line":56,"column":4},"end":{"line":64,"column":5}},"19":{"start":{"line":57,"column":26},"end":{"line":59,"column":8}},"20":{"start":{"line":61,"column":6},"end":{"line":61,"column":25}},"21":{"start":{"line":63,"column":6},"end":{"line":63,"column":29}},"22":{"start":{"line":74,"column":4},"end":{"line":79,"column":5}},"23":{"start":{"line":75,"column":23},"end":{"line":75,"column":64}},"24":{"start":{"line":76,"column":6},"end":{"line":76,"column":22}},"25":{"start":{"line":78,"column":6},"end":{"line":78,"column":25}},"26":{"start":{"line":90,"column":4},"end":{"line":97,"column":5}},"27":{"start":{"line":91,"column":24},"end":{"line":93,"column":8}},"28":{"start":{"line":94,"column":6},"end":{"line":94,"column":23}},"29":{"start":{"line":96,"column":6},"end":{"line":96,"column":19}},"30":{"start":{"line":100,"column":4},"end":{"line":110,"column":5}},"31":{"start":{"line":101,"column":27},"end":{"line":103,"column":8}},"32":{"start":{"line":104,"column":6},"end":{"line":106,"column":7}},"33":{"start":{"line":105,"column":8},"end":{"line":105,"column":33}},"34":{"start":{"line":107,"column":6},"end":{"line":107,"column":41}},"35":{"start":{"line":109,"column":6},"end":{"line":109,"column":49}},"36":{"start":{"line":114,"column":0},"end":{"line":114,"column":27}}},"fnMap":{"0":{"name":"(anonymous_0)","decl":{"start":{"line":12,"column":2},"end":{"line":12,"column":3}},"loc":{"start":{"line":12,"column":50},"end":{"line":22,"column":3}},"line":12},"1":{"name":"(anonymous_1)","decl":{"start":{"line":23,"column":2},"end":{"line":23,"column":3}},"loc":{"start":{"line":23,"column":33},"end":{"line":30,"column":3}},"line":23},"2":{"name":"(anonymous_2)","decl":{"start":{"line":31,"column":2},"end":{"line":31,"column":3}},"loc":{"start":{"line":31,"column":76},"end":{"line":42,"column":3}},"line":31},"3":{"name":"(anonymous_3)","decl":{"start":{"line":43,"column":2},"end":{"line":43,"column":3}},"loc":{"start":{"line":43,"column":37},"end":{"line":53,"column":3}},"line":43},"4":{"name":"(anonymous_4)","decl":{"start":{"line":55,"column":2},"end":{"line":55,"column":3}},"loc":{"start":{"line":55,"column":35},"end":{"line":65,"column":3}},"line":55},"5":{"name":"(anonymous_5)","decl":{"start":{"line":73,"column":2},"end":{"line":73,"column":3}},"loc":{"start":{"line":73,"column":50},"end":{"line":80,"column":3}},"line":73},"6":{"name":"(anonymous_6)","decl":{"start":{"line":89,"column":2},"end":{"line":89,"column":3}},"loc":{"start":{"line":89,"column":45},"end":{"line":98,"column":3}},"line":89},"7":{"name":"(anonymous_7)","decl":{"start":{"line":99,"column":2},"end":{"line":99,"column":3}},"loc":{"start":{"line":99,"column":40},"end":{"line":111,"column":3}},"line":99}},"branchMap":{"0":{"loc":{"start":{"line":12,"column":34},"end":{"line":12,"column":46}},"type":"default-arg","locations":[{"start":{"line":12,"column":44},"end":{"line":12,"column":46}}],"line":12},"1":{"loc":{"start":{"line":31,"column":48},"end":{"line":31,"column":60}},"type":"default-arg","locations":[{"start":{"line":31,"column":58},"end":{"line":31,"column":60}}],"line":31},"2":{"loc":{"start":{"line":31,"column":62},"end":{"line":31,"column":72}},"type":"default-arg","locations":[{"start":{"line":31,"column":70},"end":{"line":31,"column":72}}],"line":31},"3":{"loc":{"start":{"line":104,"column":6},"end":{"line":106,"column":7}},"type":"if","locations":[{"start":{"line":104,"column":6},"end":{"line":106,"column":7}},{"start":{"line":104,"column":6},"end":{"line":106,"column":7}}],"line":104}},"s":{"0":1,"1":1,"2":0,"3":0,"4":0,"5":0,"6":0,"7":0,"8":0,"9":0,"10":0,"11":0,"12":0,"13":0,"14":0,"15":0,"16":0,"17":0,"18":0,"19":0,"20":0,"21":0,"22":0,"23":0,"24":0,"25":0,"26":0,"27":0,"28":0,"29":0,"30":0,"31":0,"32":0,"33":0,"34":0,"35":0,"36":1},"f":{"0":0,"1":0,"2":0,"3":0,"4":0,"5":0,"6":0,"7":0},"b":{"0":[0],"1":[0],"2":[0],"3":[0,0]},"_coverageSchema":"1a1c01bbd47fc00a2c39e90264f33305004495a9","hash":"c1109b1b237cd5d1bf7dfda14385fbcee029898e","contentHash":"14ed7f21909538126c335397497b33a06cb1a0829470552f2cba847920ee72e1"},"C:\\Users\\sergi\\OneDrive\\Desktop\\proyecto alkemy nodeJS\\OT291-server\\dao\\testimonials.js":{"path":"C:\\Users\\sergi\\OneDrive\\Desktop\\proyecto alkemy nodeJS\\OT291-server\\dao\\testimonials.js","statementMap":{"0":{"start":{"line":1,"column":24},"end":{"line":1,"column":44}},"1":{"start":{"line":13,"column":4},"end":{"line":21,"column":5}},"2":{"start":{"line":14,"column":30},"end":{"line":17,"column":8}},"3":{"start":{"line":18,"column":6},"end":{"line":18,"column":29}},"4":{"start":{"line":20,"column":6},"end":{"line":20,"column":29}},"5":{"start":{"line":30,"column":4},"end":{"line":37,"column":5}},"6":{"start":{"line":31,"column":30},"end":{"line":33,"column":8}},"7":{"start":{"line":34,"column":6},"end":{"line":34,"column":29}},"8":{"start":{"line":36,"column":6},"end":{"line":36,"column":29}},"9":{"start":{"line":40,"column":4},"end":{"line":49,"column":5}},"10":{"start":{"line":41,"column":6},"end":{"line":45,"column":9}},"11":{"start":{"line":46,"column":6},"end":{"line":46,"column":13}},"12":{"start":{"line":48,"column":6},"end":{"line":48,"column":57}},"13":{"start":{"line":59,"column":4},"end":{"line":66,"column":5}},"14":{"start":{"line":60,"column":33},"end":{"line":62,"column":8}},"15":{"start":{"line":63,"column":6},"end":{"line":63,"column":32}},"16":{"start":{"line":65,"column":6},"end":{"line":65,"column":19}},"17":{"start":{"line":70,"column":4},"end":{"line":78,"column":5}},"18":{"start":{"line":71,"column":27},"end":{"line":73,"column":8}},"19":{"start":{"line":75,"column":6},"end":{"line":75,"column":26}},"20":{"start":{"line":77,"column":6},"end":{"line":77,"column":19}},"21":{"start":{"line":82,"column":0},"end":{"line":82,"column":32}}},"fnMap":{"0":{"name":"(anonymous_0)","decl":{"start":{"line":12,"column":2},"end":{"line":12,"column":3}},"loc":{"start":{"line":12,"column":56},"end":{"line":22,"column":3}},"line":12},"1":{"name":"(anonymous_1)","decl":{"start":{"line":29,"column":2},"end":{"line":29,"column":3}},"loc":{"start":{"line":29,"column":49},"end":{"line":38,"column":3}},"line":29},"2":{"name":"(anonymous_2)","decl":{"start":{"line":39,"column":2},"end":{"line":39,"column":3}},"loc":{"start":{"line":39,"column":57},"end":{"line":50,"column":3}},"line":39},"3":{"name":"(anonymous_3)","decl":{"start":{"line":58,"column":2},"end":{"line":58,"column":3}},"loc":{"start":{"line":58,"column":37},"end":{"line":67,"column":3}},"line":58},"4":{"name":"(anonymous_4)","decl":{"start":{"line":69,"column":2},"end":{"line":69,"column":3}},"loc":{"start":{"line":69,"column":43},"end":{"line":79,"column":3}},"line":69}},"branchMap":{"0":{"loc":{"start":{"line":12,"column":40},"end":{"line":12,"column":52}},"type":"default-arg","locations":[{"start":{"line":12,"column":50},"end":{"line":12,"column":52}}],"line":12}},"s":{"0":1,"1":0,"2":0,"3":0,"4":0,"5":0,"6":0,"7":0,"8":0,"9":0,"10":0,"11":0,"12":0,"13":0,"14":0,"15":0,"16":0,"17":0,"18":0,"19":0,"20":0,"21":1},"f":{"0":0,"1":0,"2":0,"3":0,"4":0},"b":{"0":[0]},"_coverageSchema":"1a1c01bbd47fc00a2c39e90264f33305004495a9","hash":"1bb94201227b841a126bdb4596fa182b0bbf1e62","contentHash":"55f88e6eae86a12110c00e0dc33c7d3c2b7efe758dd3f9f92193012387ece464"},"C:\\Users\\sergi\\OneDrive\\Desktop\\proyecto alkemy nodeJS\\OT291-server\\app.js":{"path":"C:\\Users\\sergi\\OneDrive\\Desktop\\proyecto alkemy nodeJS\\OT291-server\\app.js","statementMap":{"0":{"start":{"line":1,"column":20},"end":{"line":1,"column":42}},"1":{"start":{"line":2,"column":16},"end":{"line":2,"column":34}},"2":{"start":{"line":3,"column":13},"end":{"line":3,"column":28}},"3":{"start":{"line":4,"column":21},"end":{"line":4,"column":45}},"4":{"start":{"line":5,"column":15},"end":{"line":5,"column":32}},"5":{"start":{"line":6,"column":13},"end":{"line":6,"column":28}},"6":{"start":{"line":7,"column":0},"end":{"line":7,"column":27}},"7":{"start":{"line":8,"column":18},"end":{"line":8,"column":47}},"8":{"start":{"line":9,"column":21},"end":{"line":9,"column":45}},"9":{"start":{"line":10,"column":22},"end":{"line":10,"column":49}},"10":{"start":{"line":12,"column":20},"end":{"line":12,"column":45}},"11":{"start":{"line":14,"column":12},"end":{"line":14,"column":21}},"12":{"start":{"line":15,"column":0},"end":{"line":15,"column":16}},"13":{"start":{"line":18,"column":0},"end":{"line":18,"column":48}},"14":{"start":{"line":19,"column":0},"end":{"line":19,"column":30}},"15":{"start":{"line":21,"column":0},"end":{"line":21,"column":23}},"16":{"start":{"line":22,"column":0},"end":{"line":22,"column":24}},"17":{"start":{"line":23,"column":0},"end":{"line":23,"column":49}},"18":{"start":{"line":24,"column":0},"end":{"line":24,"column":24}},"19":{"start":{"line":25,"column":0},"end":{"line":25,"column":56}},"20":{"start":{"line":27,"column":0},"end":{"line":31,"column":2}},"21":{"start":{"line":32,"column":0},"end":{"line":32,"column":26}},"22":{"start":{"line":35,"column":0},"end":{"line":37,"column":3}},"23":{"start":{"line":36,"column":2},"end":{"line":36,"column":25}},"24":{"start":{"line":40,"column":0},"end":{"line":48,"column":3}},"25":{"start":{"line":42,"column":2},"end":{"line":42,"column":35}},"26":{"start":{"line":43,"column":2},"end":{"line":43,"column":69}},"27":{"start":{"line":46,"column":2},"end":{"line":46,"column":32}},"28":{"start":{"line":47,"column":2},"end":{"line":47,"column":22}},"29":{"start":{"line":50,"column":0},"end":{"line":50,"column":21}}},"fnMap":{"0":{"name":"(anonymous_0)","decl":{"start":{"line":35,"column":8},"end":{"line":35,"column":9}},"loc":{"start":{"line":35,"column":34},"end":{"line":37,"column":1}},"line":35},"1":{"name":"(anonymous_1)","decl":{"start":{"line":40,"column":8},"end":{"line":40,"column":9}},"loc":{"start":{"line":40,"column":39},"end":{"line":48,"column":1}},"line":40}},"branchMap":{"0":{"loc":{"start":{"line":43,"column":21},"end":{"line":43,"column":68}},"type":"cond-expr","locations":[{"start":{"line":43,"column":60},"end":{"line":43,"column":63}},{"start":{"line":43,"column":66},"end":{"line":43,"column":68}}],"line":43},"1":{"loc":{"start":{"line":46,"column":13},"end":{"line":46,"column":30}},"type":"binary-expr","locations":[{"start":{"line":46,"column":13},"end":{"line":46,"column":23}},{"start":{"line":46,"column":27},"end":{"line":46,"column":30}}],"line":46}},"s":{"0":94,"1":94,"2":94,"3":94,"4":94,"5":94,"6":94,"7":94,"8":94,"9":94,"10":94,"11":94,"12":94,"13":94,"14":94,"15":94,"16":94,"17":94,"18":94,"19":94,"20":94,"21":94,"22":94,"23":0,"24":94,"25":0,"26":0,"27":0,"28":0,"29":94},"f":{"0":0,"1":0},"b":{"0":[0,0],"1":[0,0]},"_coverageSchema":"1a1c01bbd47fc00a2c39e90264f33305004495a9","hash":"340c6509a748dfd6636708fb33621812ca2730eb","contentHash":"222b8fd8c32f3b660a16e80849c125972bbcead5b8d05ff4cd8ef839928f097f"},"C:\\Users\\sergi\\OneDrive\\Desktop\\proyecto alkemy nodeJS\\OT291-server\\config\\swagger.js":{"path":"C:\\Users\\sergi\\OneDrive\\Desktop\\proyecto alkemy nodeJS\\OT291-server\\config\\swagger.js","statementMap":{"0":{"start":{"line":1,"column":22},"end":{"line":31,"column":1}},"1":{"start":{"line":33,"column":0},"end":{"line":33,"column":31}}},"fnMap":{},"branchMap":{},"s":{"0":1,"1":1},"f":{},"b":{},"_coverageSchema":"1a1c01bbd47fc00a2c39e90264f33305004495a9","hash":"6999bf8057fc6797ded5a9236929166005feb74b","contentHash":"1e88d2f7d764dd5bd394c0e59d631fc511bd467cfb36d65c4ff2fc84b9b64c48"},"C:\\Users\\sergi\\OneDrive\\Desktop\\proyecto alkemy nodeJS\\OT291-server\\routes\\index.js":{"path":"C:\\Users\\sergi\\OneDrive\\Desktop\\proyecto alkemy nodeJS\\OT291-server\\routes\\index.js","statementMap":{"0":{"start":{"line":1,"column":14},"end":{"line":1,"column":32}},"1":{"start":{"line":2,"column":13},"end":{"line":2,"column":29}},"2":{"start":{"line":3,"column":19},"end":{"line":3,"column":46}},"3":{"start":{"line":4,"column":19},"end":{"line":4,"column":42}},"4":{"start":{"line":5,"column":21},"end":{"line":5,"column":49}},"5":{"start":{"line":6,"column":13},"end":{"line":6,"column":34}},"6":{"start":{"line":7,"column":13},"end":{"line":7,"column":30}},"7":{"start":{"line":8,"column":19},"end":{"line":8,"column":45}},"8":{"start":{"line":9,"column":16},"end":{"line":9,"column":36}},"9":{"start":{"line":10,"column":21},"end":{"line":10,"column":40}},"10":{"start":{"line":11,"column":16},"end":{"line":11,"column":36}},"11":{"start":{"line":12,"column":19},"end":{"line":12,"column":42}},"12":{"start":{"line":13,"column":27},"end":{"line":13,"column":52}},"13":{"start":{"line":14,"column":22},"end":{"line":14,"column":42}},"14":{"start":{"line":15,"column":17},"end":{"line":15,"column":38}},"15":{"start":{"line":16,"column":23},"end":{"line":16,"column":44}},"16":{"start":{"line":17,"column":21},"end":{"line":17,"column":40}},"17":{"start":{"line":19,"column":0},"end":{"line":21,"column":3}},"18":{"start":{"line":20,"column":2},"end":{"line":20,"column":44}},"19":{"start":{"line":23,"column":0},"end":{"line":23,"column":32}},"20":{"start":{"line":24,"column":0},"end":{"line":24,"column":42}},"21":{"start":{"line":25,"column":0},"end":{"line":25,"column":27}},"22":{"start":{"line":26,"column":0},"end":{"line":26,"column":38}},"23":{"start":{"line":27,"column":0},"end":{"line":27,"column":38}},"24":{"start":{"line":28,"column":0},"end":{"line":28,"column":33}},"25":{"start":{"line":29,"column":0},"end":{"line":29,"column":26}},"26":{"start":{"line":30,"column":0},"end":{"line":30,"column":36}},"27":{"start":{"line":31,"column":0},"end":{"line":31,"column":32}},"28":{"start":{"line":32,"column":0},"end":{"line":32,"column":38}},"29":{"start":{"line":33,"column":0},"end":{"line":33,"column":48}},"30":{"start":{"line":34,"column":0},"end":{"line":34,"column":38}},"31":{"start":{"line":35,"column":0},"end":{"line":35,"column":34}},"32":{"start":{"line":36,"column":0},"end":{"line":36,"column":37}},"33":{"start":{"line":37,"column":0},"end":{"line":37,"column":36}},"34":{"start":{"line":39,"column":0},"end":{"line":39,"column":24}}},"fnMap":{"0":{"name":"(anonymous_0)","decl":{"start":{"line":19,"column":16},"end":{"line":19,"column":17}},"loc":{"start":{"line":19,"column":42},"end":{"line":21,"column":1}},"line":19}},"branchMap":{},"s":{"0":1,"1":1,"2":1,"3":1,"4":1,"5":1,"6":1,"7":1,"8":1,"9":1,"10":1,"11":1,"12":1,"13":1,"14":1,"15":1,"16":1,"17":1,"18":0,"19":1,"20":1,"21":1,"22":1,"23":1,"24":1,"25":1,"26":1,"27":1,"28":1,"29":1,"30":1,"31":1,"32":1,"33":1,"34":1},"f":{"0":0},"b":{},"_coverageSchema":"1a1c01bbd47fc00a2c39e90264f33305004495a9","hash":"d27dda380b0880ca8c332cfd83a9600ed3b48d42","contentHash":"ebb51f116c03ecdb53e0409d396f60784b139fad8e353335c0784aac6e6ee088"},"C:\\Users\\sergi\\OneDrive\\Desktop\\proyecto alkemy nodeJS\\OT291-server\\routes\\authentication.js":{"path":"C:\\Users\\sergi\\OneDrive\\Desktop\\proyecto alkemy nodeJS\\OT291-server\\routes\\authentication.js","statementMap":{"0":{"start":{"line":1,"column":14},"end":{"line":1,"column":32}},"1":{"start":{"line":2,"column":13},"end":{"line":2,"column":29}},"2":{"start":{"line":3,"column":36},"end":{"line":3,"column":62}},"3":{"start":{"line":4,"column":25},"end":{"line":4,"column":67}},"4":{"start":{"line":5,"column":23},"end":{"line":5,"column":64}},"5":{"start":{"line":6,"column":23},"end":{"line":6,"column":66}},"6":{"start":{"line":7,"column":24},"end":{"line":7,"column":66}},"7":{"start":{"line":8,"column":23},"end":{"line":8,"column":63}},"8":{"start":{"line":10,"column":0},"end":{"line":15,"column":2}},"9":{"start":{"line":17,"column":0},"end":{"line":22,"column":2}},"10":{"start":{"line":24,"column":0},"end":{"line":24,"column":76}},"11":{"start":{"line":26,"column":0},"end":{"line":26,"column":24}}},"fnMap":{},"branchMap":{},"s":{"0":1,"1":1,"2":1,"3":1,"4":1,"5":1,"6":1,"7":1,"8":1,"9":1,"10":1,"11":1},"f":{},"b":{},"_coverageSchema":"1a1c01bbd47fc00a2c39e90264f33305004495a9","hash":"b8364c42981071d26a4bebe070b8a031d34cd030","contentHash":"1b4294d966d6b5b91a507480595f69caa50e5544aef3c605707ca40f6503f7aa"},"C:\\Users\\sergi\\OneDrive\\Desktop\\proyecto alkemy nodeJS\\OT291-server\\schemas\\user.js":{"path":"C:\\Users\\sergi\\OneDrive\\Desktop\\proyecto alkemy nodeJS\\OT291-server\\schemas\\user.js","statementMap":{"0":{"start":{"line":1,"column":17},"end":{"line":1,"column":45}},"1":{"start":{"line":3,"column":19},"end":{"line":17,"column":1}},"2":{"start":{"line":19,"column":20},"end":{"line":22,"column":1}},"3":{"start":{"line":24,"column":0},"end":{"line":24,"column":45}}},"fnMap":{},"branchMap":{},"s":{"0":1,"1":1,"2":1,"3":1},"f":{},"b":{},"_coverageSchema":"1a1c01bbd47fc00a2c39e90264f33305004495a9","hash":"b1a19899dc2d5144293cd04a1e7c0a92dc56eed0","contentHash":"93eb51d3284edfeb9fc9cc34d92aab6b3afdd448460c684629bb970adf715a10"},"C:\\Users\\sergi\\OneDrive\\Desktop\\proyecto alkemy nodeJS\\OT291-server\\middlewares\\validationErrors.js":{"path":"C:\\Users\\sergi\\OneDrive\\Desktop\\proyecto alkemy nodeJS\\OT291-server\\middlewares\\validationErrors.js","statementMap":{"0":{"start":{"line":1,"column":29},"end":{"line":1,"column":57}},"1":{"start":{"line":5,"column":4},"end":{"line":15,"column":5}},"2":{"start":{"line":6,"column":21},"end":{"line":6,"column":42}},"3":{"start":{"line":7,"column":6},"end":{"line":11,"column":7}},"4":{"start":{"line":8,"column":8},"end":{"line":10,"column":11}},"5":{"start":{"line":12,"column":6},"end":{"line":12,"column":20}},"6":{"start":{"line":14,"column":6},"end":{"line":14,"column":18}},"7":{"start":{"line":19,"column":0},"end":{"line":19,"column":34}}},"fnMap":{"0":{"name":"(anonymous_0)","decl":{"start":{"line":4,"column":2},"end":{"line":4,"column":3}},"loc":{"start":{"line":4,"column":46},"end":{"line":16,"column":3}},"line":4}},"branchMap":{"0":{"loc":{"start":{"line":7,"column":6},"end":{"line":11,"column":7}},"type":"if","locations":[{"start":{"line":7,"column":6},"end":{"line":11,"column":7}},{"start":{"line":7,"column":6},"end":{"line":11,"column":7}}],"line":7}},"s":{"0":1,"1":30,"2":30,"3":30,"4":7,"5":23,"6":0,"7":1},"f":{"0":30},"b":{"0":[7,23]},"_coverageSchema":"1a1c01bbd47fc00a2c39e90264f33305004495a9","hash":"38f798364a84ede8998081ba0c052a80eeb6c860","contentHash":"a4398e68dbf8c8696787718b0faf6d8f7ee378b4005e112f44e4d3ac18dd8c36"},"C:\\Users\\sergi\\OneDrive\\Desktop\\proyecto alkemy nodeJS\\OT291-server\\middlewares\\verify-role-user.js":{"path":"C:\\Users\\sergi\\OneDrive\\Desktop\\proyecto alkemy nodeJS\\OT291-server\\middlewares\\verify-role-user.js","statementMap":{"0":{"start":{"line":1,"column":14},"end":{"line":1,"column":41}},"1":{"start":{"line":2,"column":23},"end":{"line":2,"column":43}},"2":{"start":{"line":6,"column":25},"end":{"line":6,"column":51}},"3":{"start":{"line":8,"column":4},"end":{"line":10,"column":5}},"4":{"start":{"line":9,"column":6},"end":{"line":9,"column":69}},"5":{"start":{"line":11,"column":22},"end":{"line":11,"column":34}},"6":{"start":{"line":12,"column":4},"end":{"line":30,"column":5}},"7":{"start":{"line":13,"column":19},"end":{"line":20,"column":8}},"8":{"start":{"line":21,"column":6},"end":{"line":23,"column":7}},"9":{"start":{"line":22,"column":8},"end":{"line":22,"column":68}},"10":{"start":{"line":24,"column":6},"end":{"line":26,"column":7}},"11":{"start":{"line":25,"column":8},"end":{"line":25,"column":66}},"12":{"start":{"line":27,"column":6},"end":{"line":27,"column":13}},"13":{"start":{"line":29,"column":6},"end":{"line":29,"column":57}},"14":{"start":{"line":34,"column":0},"end":{"line":34,"column":33}}},"fnMap":{"0":{"name":"(anonymous_0)","decl":{"start":{"line":5,"column":2},"end":{"line":5,"column":3}},"loc":{"start":{"line":5,"column":48},"end":{"line":31,"column":3}},"line":5}},"branchMap":{"0":{"loc":{"start":{"line":8,"column":4},"end":{"line":10,"column":5}},"type":"if","locations":[{"start":{"line":8,"column":4},"end":{"line":10,"column":5}},{"start":{"line":8,"column":4},"end":{"line":10,"column":5}}],"line":8},"1":{"loc":{"start":{"line":8,"column":8},"end":{"line":8,"column":44}},"type":"binary-expr","locations":[{"start":{"line":8,"column":8},"end":{"line":8,"column":21}},{"start":{"line":8,"column":25},"end":{"line":8,"column":44}}],"line":8},"2":{"loc":{"start":{"line":21,"column":6},"end":{"line":23,"column":7}},"type":"if","locations":[{"start":{"line":21,"column":6},"end":{"line":23,"column":7}},{"start":{"line":21,"column":6},"end":{"line":23,"column":7}}],"line":21},"3":{"loc":{"start":{"line":24,"column":6},"end":{"line":26,"column":7}},"type":"if","locations":[{"start":{"line":24,"column":6},"end":{"line":26,"column":7}},{"start":{"line":24,"column":6},"end":{"line":26,"column":7}}],"line":24}},"s":{"0":1,"1":1,"2":0,"3":0,"4":0,"5":0,"6":0,"7":0,"8":0,"9":0,"10":0,"11":0,"12":0,"13":0,"14":1},"f":{"0":0},"b":{"0":[0,0],"1":[0,0],"2":[0,0],"3":[0,0]},"_coverageSchema":"1a1c01bbd47fc00a2c39e90264f33305004495a9","hash":"803e48281995e08b600f1bd81306f362adf9984e","contentHash":"44b5e90e62252b6472ff4264395798155b7b84e183880fbf48b76a256a53ecc3"},"C:\\Users\\sergi\\OneDrive\\Desktop\\proyecto alkemy nodeJS\\OT291-server\\routes\\categories.js":{"path":"C:\\Users\\sergi\\OneDrive\\Desktop\\proyecto alkemy nodeJS\\OT291-server\\routes\\categories.js","statementMap":{"0":{"start":{"line":1,"column":14},"end":{"line":1,"column":32}},"1":{"start":{"line":2,"column":13},"end":{"line":2,"column":29}},"2":{"start":{"line":3,"column":23},"end":{"line":3,"column":53}},"3":{"start":{"line":4,"column":25},"end":{"line":4,"column":67}},"4":{"start":{"line":5,"column":29},"end":{"line":5,"column":65}},"5":{"start":{"line":6,"column":23},"end":{"line":6,"column":60}},"6":{"start":{"line":7,"column":21},"end":{"line":7,"column":53}},"7":{"start":{"line":9,"column":0},"end":{"line":9,"column":45}},"8":{"start":{"line":10,"column":0},"end":{"line":16,"column":2}},"9":{"start":{"line":18,"column":0},"end":{"line":24,"column":2}},"10":{"start":{"line":26,"column":0},"end":{"line":32,"column":2}},"11":{"start":{"line":34,"column":0},"end":{"line":38,"column":2}},"12":{"start":{"line":40,"column":0},"end":{"line":40,"column":24}}},"fnMap":{},"branchMap":{},"s":{"0":1,"1":1,"2":1,"3":1,"4":1,"5":1,"6":1,"7":1,"8":1,"9":1,"10":1,"11":1,"12":1},"f":{},"b":{},"_coverageSchema":"1a1c01bbd47fc00a2c39e90264f33305004495a9","hash":"f24b1c9b8630099b2e07a691b3d755f8c792ceb7","contentHash":"5dfe7e90fa8db26a74302762cf598e6d3e24d6c827831cd128e379f4066e7379"},"C:\\Users\\sergi\\OneDrive\\Desktop\\proyecto alkemy nodeJS\\OT291-server\\schemas\\category.js":{"path":"C:\\Users\\sergi\\OneDrive\\Desktop\\proyecto alkemy nodeJS\\OT291-server\\schemas\\category.js","statementMap":{"0":{"start":{"line":1,"column":17},"end":{"line":1,"column":45}},"1":{"start":{"line":3,"column":23},"end":{"line":22,"column":1}},"2":{"start":{"line":24,"column":0},"end":{"line":24,"column":32}}},"fnMap":{},"branchMap":{},"s":{"0":1,"1":1,"2":1},"f":{},"b":{},"_coverageSchema":"1a1c01bbd47fc00a2c39e90264f33305004495a9","hash":"45b312878703435cd058bc3cc1df117889b31133","contentHash":"945bb539490e9d93d723565d6d44a8520ae1ea676113d77e7a93c3fe6c66fbf5"},"C:\\Users\\sergi\\OneDrive\\Desktop\\proyecto alkemy nodeJS\\OT291-server\\controllers\\categories.js":{"path":"C:\\Users\\sergi\\OneDrive\\Desktop\\proyecto alkemy nodeJS\\OT291-server\\controllers\\categories.js","statementMap":{"0":{"start":{"line":1,"column":21},"end":{"line":1,"column":41}},"1":{"start":{"line":2,"column":20},"end":{"line":2,"column":47}},"2":{"start":{"line":3,"column":19},"end":{"line":3,"column":51}},"3":{"start":{"line":7,"column":4},"end":{"line":19,"column":5}},"4":{"start":{"line":8,"column":43},"end":{"line":8,"column":51}},"5":{"start":{"line":9,"column":23},"end":{"line":13,"column":8}},"6":{"start":{"line":14,"column":6},"end":{"line":16,"column":72}},"7":{"start":{"line":18,"column":6},"end":{"line":18,"column":18}},"8":{"start":{"line":22,"column":19},"end":{"line":22,"column":29}},"9":{"start":{"line":23,"column":4},"end":{"line":34,"column":5}},"10":{"start":{"line":24,"column":20},"end":{"line":24,"column":26}},"11":{"start":{"line":25,"column":30},"end":{"line":25,"column":69}},"12":{"start":{"line":27,"column":6},"end":{"line":31,"column":7}},"13":{"start":{"line":28,"column":8},"end":{"line":28,"column":71}},"14":{"start":{"line":30,"column":8},"end":{"line":30,"column":65}},"15":{"start":{"line":33,"column":6},"end":{"line":33,"column":34}},"16":{"start":{"line":37,"column":4},"end":{"line":52,"column":5}},"17":{"start":{"line":40,"column":6},"end":{"line":44,"column":7}},"18":{"start":{"line":41,"column":8},"end":{"line":41,"column":79}},"19":{"start":{"line":43,"column":8},"end":{"line":43,"column":43}},"20":{"start":{"line":46,"column":21},"end":{"line":46,"column":64}},"21":{"start":{"line":46,"column":50},"end":{"line":46,"column":63}},"22":{"start":{"line":48,"column":6},"end":{"line":49,"column":74}},"23":{"start":{"line":49,"column":8},"end":{"line":49,"column":74}},"24":{"start":{"line":51,"column":6},"end":{"line":51,"column":42}},"25":{"start":{"line":54,"column":4},"end":{"line":97,"column":5}},"26":{"start":{"line":55,"column":25},"end":{"line":55,"column":49}},"27":{"start":{"line":56,"column":29},"end":{"line":56,"column":69}},"28":{"start":{"line":57,"column":21},"end":{"line":57,"column":32}},"29":{"start":{"line":61,"column":6},"end":{"line":71,"column":7}},"30":{"start":{"line":62,"column":8},"end":{"line":65,"column":10}},"31":{"start":{"line":67,"column":8},"end":{"line":70,"column":11}},"32":{"start":{"line":73,"column":23},"end":{"line":76,"column":7}},"33":{"start":{"line":78,"column":6},"end":{"line":82,"column":7}},"34":{"start":{"line":79,"column":8},"end":{"line":81,"column":11}},"35":{"start":{"line":84,"column":41},"end":{"line":88,"column":7}},"36":{"start":{"line":90,"column":6},"end":{"line":96,"column":9}},"37":{"start":{"line":101,"column":19},"end":{"line":101,"column":29}},"38":{"start":{"line":102,"column":41},"end":{"line":102,"column":49}},"39":{"start":{"line":103,"column":4},"end":{"line":112,"column":5}},"40":{"start":{"line":104,"column":30},"end":{"line":104,"column":57}},"41":{"start":{"line":105,"column":6},"end":{"line":106,"column":69}},"42":{"start":{"line":107,"column":6},"end":{"line":109,"column":67}},"43":{"start":{"line":111,"column":6},"end":{"line":111,"column":34}},"44":{"start":{"line":116,"column":19},"end":{"line":116,"column":29}},"45":{"start":{"line":118,"column":4},"end":{"line":122,"column":5}},"46":{"start":{"line":119,"column":6},"end":{"line":119,"column":60}},"47":{"start":{"line":121,"column":6},"end":{"line":121,"column":41}},"48":{"start":{"line":123,"column":4},"end":{"line":123,"column":68}},"49":{"start":{"line":123,"column":24},"end":{"line":123,"column":68}},"50":{"start":{"line":124,"column":4},"end":{"line":124,"column":68}},"51":{"start":{"line":128,"column":0},"end":{"line":128,"column":38}}},"fnMap":{"0":{"name":"(anonymous_0)","decl":{"start":{"line":6,"column":2},"end":{"line":6,"column":3}},"loc":{"start":{"line":6,"column":36},"end":{"line":20,"column":3}},"line":6},"1":{"name":"(anonymous_1)","decl":{"start":{"line":21,"column":2},"end":{"line":21,"column":3}},"loc":{"start":{"line":21,"column":40},"end":{"line":35,"column":3}},"line":21},"2":{"name":"(anonymous_2)","decl":{"start":{"line":36,"column":2},"end":{"line":36,"column":3}},"loc":{"start":{"line":36,"column":32},"end":{"line":98,"column":3}},"line":36},"3":{"name":"(anonymous_3)","decl":{"start":{"line":46,"column":36},"end":{"line":46,"column":37}},"loc":{"start":{"line":46,"column":50},"end":{"line":46,"column":63}},"line":46},"4":{"name":"(anonymous_4)","decl":{"start":{"line":100,"column":2},"end":{"line":100,"column":3}},"loc":{"start":{"line":100,"column":40},"end":{"line":113,"column":3}},"line":100},"5":{"name":"(anonymous_5)","decl":{"start":{"line":115,"column":2},"end":{"line":115,"column":3}},"loc":{"start":{"line":115,"column":40},"end":{"line":125,"column":3}},"line":115}},"branchMap":{"0":{"loc":{"start":{"line":14,"column":6},"end":{"line":16,"column":71}},"type":"cond-expr","locations":[{"start":{"line":15,"column":10},"end":{"line":15,"column":72}},{"start":{"line":16,"column":10},"end":{"line":16,"column":71}}],"line":14},"1":{"loc":{"start":{"line":27,"column":6},"end":{"line":31,"column":7}},"type":"if","locations":[{"start":{"line":27,"column":6},"end":{"line":31,"column":7}},{"start":{"line":27,"column":6},"end":{"line":31,"column":7}}],"line":27},"2":{"loc":{"start":{"line":37,"column":4},"end":{"line":52,"column":5}},"type":"if","locations":[{"start":{"line":37,"column":4},"end":{"line":52,"column":5}},{"start":{"line":37,"column":4},"end":{"line":52,"column":5}}],"line":37},"3":{"loc":{"start":{"line":48,"column":6},"end":{"line":49,"column":74}},"type":"if","locations":[{"start":{"line":48,"column":6},"end":{"line":49,"column":74}},{"start":{"line":48,"column":6},"end":{"line":49,"column":74}}],"line":48},"4":{"loc":{"start":{"line":54,"column":4},"end":{"line":97,"column":5}},"type":"if","locations":[{"start":{"line":54,"column":4},"end":{"line":97,"column":5}},{"start":{"line":54,"column":4},"end":{"line":97,"column":5}}],"line":54},"5":{"loc":{"start":{"line":78,"column":6},"end":{"line":82,"column":7}},"type":"if","locations":[{"start":{"line":78,"column":6},"end":{"line":82,"column":7}},{"start":{"line":78,"column":6},"end":{"line":82,"column":7}}],"line":78},"6":{"loc":{"start":{"line":105,"column":6},"end":{"line":106,"column":68}},"type":"binary-expr","locations":[{"start":{"line":105,"column":6},"end":{"line":105,"column":21}},{"start":{"line":106,"column":9},"end":{"line":106,"column":67}}],"line":105},"7":{"loc":{"start":{"line":107,"column":6},"end":{"line":109,"column":66}},"type":"cond-expr","locations":[{"start":{"line":108,"column":10},"end":{"line":108,"column":72}},{"start":{"line":109,"column":10},"end":{"line":109,"column":66}}],"line":107},"8":{"loc":{"start":{"line":123,"column":4},"end":{"line":123,"column":68}},"type":"if","locations":[{"start":{"line":123,"column":4},"end":{"line":123,"column":68}},{"start":{"line":123,"column":4},"end":{"line":123,"column":68}}],"line":123}},"s":{"0":1,"1":1,"2":1,"3":0,"4":0,"5":0,"6":0,"7":0,"8":0,"9":0,"10":0,"11":0,"12":0,"13":0,"14":0,"15":0,"16":0,"17":0,"18":0,"19":0,"20":0,"21":0,"22":0,"23":0,"24":0,"25":0,"26":0,"27":0,"28":0,"29":0,"30":0,"31":0,"32":0,"33":0,"34":0,"35":0,"36":0,"37":0,"38":0,"39":0,"40":0,"41":0,"42":0,"43":0,"44":0,"45":0,"46":0,"47":0,"48":0,"49":0,"50":0,"51":1},"f":{"0":0,"1":0,"2":0,"3":0,"4":0,"5":0},"b":{"0":[0,0],"1":[0,0],"2":[0,0],"3":[0,0],"4":[0,0],"5":[0,0],"6":[0,0],"7":[0,0],"8":[0,0]},"_coverageSchema":"1a1c01bbd47fc00a2c39e90264f33305004495a9","hash":"49e99748ebab1c8fef7b00988998e54e227861aa","contentHash":"9ad8cead6d1208d717f0c07ab46a754d1795e4361c8bb922c36baa8559ed4a3b"},"C:\\Users\\sergi\\OneDrive\\Desktop\\proyecto alkemy nodeJS\\OT291-server\\dao\\categorie.js":{"path":"C:\\Users\\sergi\\OneDrive\\Desktop\\proyecto alkemy nodeJS\\OT291-server\\dao\\categorie.js","statementMap":{"0":{"start":{"line":1,"column":11},"end":{"line":1,"column":31}},"1":{"start":{"line":2,"column":21},"end":{"line":2,"column":23}},"2":{"start":{"line":10,"column":4},"end":{"line":17,"column":5}},"3":{"start":{"line":11,"column":27},"end":{"line":13,"column":8}},"4":{"start":{"line":14,"column":6},"end":{"line":14,"column":26}},"5":{"start":{"line":16,"column":6},"end":{"line":16,"column":29}},"6":{"start":{"line":25,"column":4},"end":{"line":32,"column":5}},"7":{"start":{"line":26,"column":27},"end":{"line":28,"column":8}},"8":{"start":{"line":29,"column":6},"end":{"line":29,"column":26}},"9":{"start":{"line":31,"column":6},"end":{"line":31,"column":29}},"10":{"start":{"line":36,"column":4},"end":{"line":43,"column":5}},"11":{"start":{"line":37,"column":29},"end":{"line":39,"column":8}},"12":{"start":{"line":40,"column":6},"end":{"line":40,"column":28}},"13":{"start":{"line":42,"column":5},"end":{"line":42,"column":19}},"14":{"start":{"line":52,"column":4},"end":{"line":62,"column":5}},"15":{"start":{"line":53,"column":25},"end":{"line":57,"column":8}},"16":{"start":{"line":59,"column":6},"end":{"line":59,"column":24}},"17":{"start":{"line":61,"column":6},"end":{"line":61,"colum
[...]
:1,"28":0,"29":0,"30":0,"31":0,"32":0,"33":0,"34":0,"35":0,"36":0,"37":0,"38":0,"39":2,"40":2,"41":2,"42":2,"43":0,"44":1},"f":{"0":2,"1":2,"2":2,"3":2},"b":{"0":[1,1],"1":[2,0],"2":[2,0],"3":[1,1],"4":[0,0],"5":[1,1]},"_coverageSchema":"1a1c01bbd47fc00a2c39e90264f33305004495a9","hash":"2786a0bfe72aa5bc96e45c9d6211fc486fa2deb4","contentHash":"eed0ca2725df17d2f9ae1128f545028982cccf6de713c1ce304e53784462c065"},"C:\\Users\\sergi\\OneDrive\\Desktop\\proyecto alkemy nodeJS\\OT291-server\\routes\\comments.js":{"path":"C:\\Users\\sergi\\OneDrive\\Desktop\\proyecto alkemy nodeJS\\OT291-server\\routes\\comments.js","statementMap":{"0":{"start":{"line":1,"column":16},"end":{"line":1,"column":34}},"1":{"start":{"line":2,"column":15},"end":{"line":2,"column":31}},"2":{"start":{"line":3,"column":28},"end":{"line":3,"column":72}},"3":{"start":{"line":4,"column":23},"end":{"line":4,"column":60}},"4":{"start":{"line":5,"column":25},"end":{"line":5,"column":67}},"5":{"start":{"line":6,"column":27},"end":{"line":6,"column":71}},"6":{"start":{"line":10,"column":4},"end":{"line":10,"column":34}},"7":{"start":{"line":12,"column":0},"end":{"line":17,"column":2}},"8":{"start":{"line":19,"column":0},"end":{"line":19,"column":90}},"9":{"start":{"line":22,"column":0},"end":{"line":27,"column":2}},"10":{"start":{"line":29,"column":0},"end":{"line":31,"column":35}},"11":{"start":{"line":33,"column":0},"end":{"line":33,"column":24}}},"fnMap":{},"branchMap":{},"s":{"0":1,"1":1,"2":1,"3":1,"4":1,"5":1,"6":1,"7":1,"8":1,"9":1,"10":1,"11":1},"f":{},"b":{},"_coverageSchema":"1a1c01bbd47fc00a2c39e90264f33305004495a9","hash":"d214985111afabfe83a16aa6d42bc7839e3bc739","contentHash":"d992d9156394271993243f552472f9e0068f6d4a6c772e0bf8e64aa89923e22c"},"C:\\Users\\sergi\\OneDrive\\Desktop\\proyecto alkemy nodeJS\\OT291-server\\controllers\\commentsController.js":{"path":"C:\\Users\\sergi\\OneDrive\\Desktop\\proyecto alkemy nodeJS\\OT291-server\\controllers\\commentsController.js","statementMap":{"0":{"start":{"line":1,"column":19},"end":{"line":1,"column":45}},"1":{"start":{"line":5,"column":19},"end":{"line":5,"column":29}},"2":{"start":{"line":6,"column":4},"end":{"line":14,"column":5}},"3":{"start":{"line":7,"column":29},"end":{"line":7,"column":63}},"4":{"start":{"line":8,"column":6},"end":{"line":10,"column":7}},"5":{"start":{"line":9,"column":8},"end":{"line":9,"column":77}},"6":{"start":{"line":11,"column":6},"end":{"line":11,"column":64}},"7":{"start":{"line":13,"column":6},"end":{"line":13,"column":60}},"8":{"start":{"line":18,"column":4},"end":{"line":24,"column":5}},"9":{"start":{"line":19,"column":21},"end":{"line":19,"column":31}},"10":{"start":{"line":20,"column":23},"end":{"line":20,"column":62}},"11":{"start":{"line":21,"column":6},"end":{"line":21,"column":37}},"12":{"start":{"line":23,"column":6},"end":{"line":23,"column":71}},"13":{"start":{"line":28,"column":4},"end":{"line":41,"column":5}},"14":{"start":{"line":29,"column":21},"end":{"line":29,"column":31}},"15":{"start":{"line":30,"column":23},"end":{"line":30,"column":31}},"16":{"start":{"line":32,"column":27},"end":{"line":32,"column":75}},"17":{"start":{"line":34,"column":6},"end":{"line":36,"column":9}},"18":{"start":{"line":38,"column":6},"end":{"line":40,"column":9}},"19":{"start":{"line":45,"column":23},"end":{"line":45,"column":31}},"20":{"start":{"line":46,"column":18},"end":{"line":46,"column":41}},"21":{"start":{"line":48,"column":4},"end":{"line":52,"column":5}},"22":{"start":{"line":49,"column":6},"end":{"line":49,"column":74}},"23":{"start":{"line":51,"column":6},"end":{"line":51,"column":41}},"24":{"start":{"line":53,"column":4},"end":{"line":55,"column":65}},"25":{"start":{"line":58,"column":39},"end":{"line":58,"column":47}},"26":{"start":{"line":59,"column":4},"end":{"line":68,"column":5}},"27":{"start":{"line":60,"column":22},"end":{"line":64,"column":8}},"28":{"start":{"line":65,"column":6},"end":{"line":65,"column":43}},"29":{"start":{"line":67,"column":6},"end":{"line":67,"column":56}},"30":{"start":{"line":72,"column":0},"end":{"line":72,"column":37}}},"fnMap":{"0":{"name":"(anonymous_0)","decl":{"start":{"line":4,"column":2},"end":{"line":4,"column":3}},"loc":{"start":{"line":4,"column":39},"end":{"line":15,"column":3}},"line":4},"1":{"name":"(anonymous_1)","decl":{"start":{"line":17,"column":2},"end":{"line":17,"column":3}},"loc":{"start":{"line":17,"column":37},"end":{"line":25,"column":3}},"line":17},"2":{"name":"(anonymous_2)","decl":{"start":{"line":27,"column":2},"end":{"line":27,"column":3}},"loc":{"start":{"line":27,"column":39},"end":{"line":42,"column":3}},"line":27},"3":{"name":"(anonymous_3)","decl":{"start":{"line":44,"column":2},"end":{"line":44,"column":3}},"loc":{"start":{"line":44,"column":40},"end":{"line":56,"column":3}},"line":44},"4":{"name":"(anonymous_4)","decl":{"start":{"line":57,"column":2},"end":{"line":57,"column":3}},"loc":{"start":{"line":57,"column":39},"end":{"line":69,"column":3}},"line":57}},"branchMap":{"0":{"loc":{"start":{"line":8,"column":6},"end":{"line":10,"column":7}},"type":"if","locations":[{"start":{"line":8,"column":6},"end":{"line":10,"column":7}},{"start":{"line":8,"column":6},"end":{"line":10,"column":7}}],"line":8},"1":{"loc":{"start":{"line":53,"column":4},"end":{"line":55,"column":64}},"type":"cond-expr","locations":[{"start":{"line":54,"column":8},"end":{"line":54,"column":44}},{"start":{"line":55,"column":8},"end":{"line":55,"column":64}}],"line":53}},"s":{"0":1,"1":0,"2":0,"3":0,"4":0,"5":0,"6":0,"7":0,"8":0,"9":0,"10":0,"11":0,"12":0,"13":0,"14":0,"15":0,"16":0,"17":0,"18":0,"19":0,"20":0,"21":0,"22":0,"23":0,"24":0,"25":0,"26":0,"27":0,"28":0,"29":0,"30":1},"f":{"0":0,"1":0,"2":0,"3":0,"4":0},"b":{"0":[0,0],"1":[0,0]},"_coverageSchema":"1a1c01bbd47fc00a2c39e90264f33305004495a9","hash":"5b59525b6f4c46379692a50f3ee1f58e08ff4e85","contentHash":"d26baaa2fa0ce56d53f033054ba27425eb2a0baa111a5b506900c2a5d00c2324"},"C:\\Users\\sergi\\OneDrive\\Desktop\\proyecto alkemy nodeJS\\OT291-server\\dao\\comments.js":{"path":"C:\\Users\\sergi\\OneDrive\\Desktop\\proyecto alkemy nodeJS\\OT291-server\\dao\\comments.js","statementMap":{"0":{"start":{"line":1,"column":20},"end":{"line":1,"column":40}},"1":{"start":{"line":2,"column":23},"end":{"line":2,"column":57}},"2":{"start":{"line":10,"column":4},"end":{"line":17,"column":5}},"3":{"start":{"line":11,"column":29},"end":{"line":13,"column":8}},"4":{"start":{"line":14,"column":6},"end":{"line":14,"column":28}},"5":{"start":{"line":16,"column":6},"end":{"line":16,"column":19}},"6":{"start":{"line":21,"column":4},"end":{"line":31,"column":5}},"7":{"start":{"line":22,"column":23},"end":{"line":27,"column":8}},"8":{"start":{"line":28,"column":6},"end":{"line":28,"column":61}},"9":{"start":{"line":30,"column":6},"end":{"line":30,"column":66}},"10":{"start":{"line":34,"column":4},"end":{"line":46,"column":5}},"11":{"start":{"line":35,"column":29},"end":{"line":37,"column":8}},"12":{"start":{"line":39,"column":6},"end":{"line":41,"column":7}},"13":{"start":{"line":40,"column":8},"end":{"line":40,"column":35}},"14":{"start":{"line":43,"column":6},"end":{"line":43,"column":43}},"15":{"start":{"line":45,"column":6},"end":{"line":45,"column":51}},"16":{"start":{"line":57,"column":4},"end":{"line":65,"column":5}},"17":{"start":{"line":58,"column":29},"end":{"line":61,"column":8}},"18":{"start":{"line":62,"column":6},"end":{"line":62,"column":28}},"19":{"start":{"line":64,"column":6},"end":{"line":64,"column":18}},"20":{"start":{"line":69,"column":4},"end":{"line":76,"column":5}},"21":{"start":{"line":70,"column":22},"end":{"line":70,"column":48}},"22":{"start":{"line":71,"column":21},"end":{"line":71,"column":56}},"23":{"start":{"line":72,"column":6},"end":{"line":72,"column":20}},"24":{"start":{"line":74,"column":6},"end":{"line":74,"column":25}},"25":{"start":{"line":75,"column":6},"end":{"line":75,"column":56}},"26":{"start":{"line":80,"column":0},"end":{"line":80,"column":28}}},"fnMap":{"0":{"name":"(anonymous_0)","decl":{"start":{"line":9,"column":2},"end":{"line":9,"column":3}},"loc":{"start":{"line":9,"column":33},"end":{"line":18,"column":3}},"line":9},"1":{"name":"(anonymous_1)","decl":{"start":{"line":20,"column":2},"end":{"line":20,"column":3}},"loc":{"start":{"line":20,"column":38},"end":{"line":32,"column":3}},"line":20},"2":{"name":"(anonymous_2)","decl":{"start":{"line":33,"column":2},"end":{"line":33,"column":3}},"loc":{"start":{"line":33,"column":42},"end":{"line":47,"column":3}},"line":33},"3":{"name":"(anonymous_3)","decl":{"start":{"line":56,"column":2},"end":{"line":56,"column":3}},"loc":{"start":{"line":56,"column":49},"end":{"line":66,"column":3}},"line":56},"4":{"name":"(anonymous_4)","decl":{"start":{"line":68,"column":2},"end":{"line":68,"column":3}},"loc":{"start":{"line":68,"column":35},"end":{"line":77,"column":3}},"line":68}},"branchMap":{"0":{"loc":{"start":{"line":28,"column":13},"end":{"line":28,"column":60}},"type":"cond-expr","locations":[{"start":{"line":28,"column":31},"end":{"line":28,"column":39}},{"start":{"line":28,"column":42},"end":{"line":28,"column":60}}],"line":28},"1":{"loc":{"start":{"line":39,"column":6},"end":{"line":41,"column":7}},"type":"if","locations":[{"start":{"line":39,"column":6},"end":{"line":41,"column":7}},{"start":{"line":39,"column":6},"end":{"line":41,"column":7}}],"line":39}},"s":{"0":1,"1":1,"2":0,"3":0,"4":0,"5":0,"6":0,"7":0,"8":0,"9":0,"10":0,"11":0,"12":0,"13":0,"14":0,"15":0,"16":0,"17":0,"18":0,"19":0,"20":0,"21":0,"22":0,"23":0,"24":0,"25":0,"26":1},"f":{"0":0,"1":0,"2":0,"3":0,"4":0},"b":{"0":[0,0],"1":[0,0]},"_coverageSchema":"1a1c01bbd47fc00a2c39e90264f33305004495a9","hash":"5c239b87b4f4b1f23d43b43912a336bbd62be5a4","contentHash":"ea77a2676a52c7b5f0136b6fc6d3132917305747e4e832b6a4d7a83e85a0d32e"},"C:\\Users\\sergi\\OneDrive\\Desktop\\proyecto alkemy nodeJS\\OT291-server\\schemas\\comments.js":{"path":"C:\\Users\\sergi\\OneDrive\\Desktop\\proyecto alkemy nodeJS\\OT291-server\\schemas\\comments.js","statementMap":{"0":{"start":{"line":1,"column":18},"end":{"line":1,"column":46}},"1":{"start":{"line":2,"column":17},"end":{"line":2,"column":45}},"2":{"start":{"line":4,"column":27},"end":{"line":6,"column":1}},"3":{"start":{"line":8,"column":28},"end":{"line":12,"column":1}},"4":{"start":{"line":14,"column":0},"end":{"line":14,"column":61}}},"fnMap":{},"branchMap":{},"s":{"0":1,"1":1,"2":1,"3":1,"4":1},"f":{},"b":{},"_coverageSchema":"1a1c01bbd47fc00a2c39e90264f33305004495a9","hash":"a3280da30af701209425bdc3dabd722d9d930cf6","contentHash":"2102fe198d62aba6f90f9bd4899893d777e17756e575f54c74f3e1de6242515b"},"C:\\Users\\sergi\\OneDrive\\Desktop\\proyecto alkemy nodeJS\\OT291-server\\routes\\orders.js":{"path":"C:\\Users\\sergi\\OneDrive\\Desktop\\proyecto alkemy nodeJS\\OT291-server\\routes\\orders.js","statementMap":{"0":{"start":{"line":1,"column":16},"end":{"line":1,"column":34}},"1":{"start":{"line":2,"column":15},"end":{"line":2,"column":31}},"2":{"start":{"line":3,"column":23},"end":{"line":3,"column":65}},"3":{"start":{"line":4,"column":20},"end":{"line":4,"column":47}},"4":{"start":{"line":5,"column":25},"end":{"line":5,"column":67}},"5":{"start":{"line":6,"column":24},"end":{"line":6,"column":55}},"6":{"start":{"line":8,"column":0},"end":{"line":14,"column":2}},"7":{"start":{"line":16,"column":0},"end":{"line":16,"column":24}}},"fnMap":{},"branchMap":{},"s":{"0":1,"1":1,"2":1,"3":1,"4":1,"5":1,"6":1,"7":1},"f":{},"b":{},"_coverageSchema":"1a1c01bbd47fc00a2c39e90264f33305004495a9","hash":"1dd736bc9527f58b4a2436f76fe70fb548156916","contentHash":"f4b8d6bcd1ee09c67e1dcf278133de69ebc47db2931ce59a478804d685599adf"},"C:\\Users\\sergi\\OneDrive\\Desktop\\proyecto alkemy nodeJS\\OT291-server\\schemas\\order.js":{"path":"C:\\Users\\sergi\\OneDrive\\Desktop\\proyecto alkemy nodeJS\\OT291-server\\schemas\\order.js","statementMap":{"0":{"start":{"line":1,"column":17},"end":{"line":1,"column":45}},"1":{"start":{"line":3,"column":20},"end":{"line":23,"column":1}},"2":{"start":{"line":25,"column":0},"end":{"line":25,"column":33}}},"fnMap":{},"branchMap":{},"s":{"0":1,"1":1,"2":1},"f":{},"b":{},"_coverageSchema":"1a1c01bbd47fc00a2c39e90264f33305004495a9","hash":"1346764d23d75db15dbe8410c6ee9461c0904acf","contentHash":"dd4829ea764c0001682bdcb9e26d1bda005311865ed23b98a8cd2c754e4a4a20"},"C:\\Users\\sergi\\OneDrive\\Desktop\\proyecto alkemy nodeJS\\OT291-server\\controllers\\order.js":{"path":"C:\\Users\\sergi\\OneDrive\\Desktop\\proyecto alkemy nodeJS\\OT291-server\\controllers\\order.js","statementMap":{"0":{"start":{"line":1,"column":25},"end":{"line":1,"column":56}},"1":{"start":{"line":2,"column":23},"end":{"line":2,"column":60}},"2":{"start":{"line":3,"column":14},"end":{"line":3,"column":41}},"3":{"start":{"line":4,"column":17},"end":{"line":4,"column":40}},"4":{"start":{"line":5,"column":16},"end":{"line":5,"column":38}},"5":{"start":{"line":8,"column":27},"end":{"line":8,"column":52}},"6":{"start":{"line":10,"column":44},"end":{"line":10,"column":52}},"7":{"start":{"line":11,"column":17},"end":{"line":11,"column":44}},"8":{"start":{"line":12,"column":4},"end":{"line":12,"column":22}},"9":{"start":{"line":13,"column":4},"end":{"line":27,"column":5}},"10":{"start":{"line":14,"column":6},"end":{"line":26,"column":7}},"11":{"start":{"line":15,"column":28},"end":{"line":15,"column":75}},"12":{"start":{"line":16,"column":21},"end":{"line":16,"column":69}},"13":{"start":{"line":17,"column":8},"end":{"line":22,"column":11}},"14":{"start":{"line":23,"column":8},"end":{"line":23,"column":42}},"15":{"start":{"line":25,"column":8},"end":{"line":25,"column":44}},"16":{"start":{"line":31,"column":0},"end":{"line":31,"column":33}}},"fnMap":{"0":{"name":"(anonymous_0)","decl":{"start":{"line":9,"column":2},"end":{"line":9,"column":3}},"loc":{"start":{"line":9,"column":37},"end":{"line":28,"column":3}},"line":9}},"branchMap":{"0":{"loc":{"start":{"line":13,"column":4},"end":{"line":27,"column":5}},"type":"if","locations":[{"start":{"line":13,"column":4},"end":{"line":27,"column":5}},{"start":{"line":13,"column":4},"end":{"line":27,"column":5}}],"line":13}},"s":{"0":1,"1":1,"2":1,"3":1,"4":1,"5":1,"6":0,"7":0,"8":0,"9":0,"10":0,"11":0,"12":0,"13":0,"14":0,"15":0,"16":1},"f":{"0":0},"b":{"0":[0,0]},"_coverageSchema":"1a1c01bbd47fc00a2c39e90264f33305004495a9","hash":"7c536257798a0e1a3d3aef1ecf2637efeda4e9fc","contentHash":"41ae80ea643e0da4d63861dfb844784f0f4f1ab2c80e7e5914c0f4eaf65655a8"},"C:\\Users\\sergi\\OneDrive\\Desktop\\proyecto alkemy nodeJS\\OT291-server\\constants\\payment.js":{"path":"C:\\Users\\sergi\\OneDrive\\Desktop\\proyecto alkemy nodeJS\\OT291-server\\constants\\payment.js","statementMap":{"0":{"start":{"line":1,"column":17},"end":{"line":4,"column":1}},"1":{"start":{"line":5,"column":20},"end":{"line":5,"column":61}},"2":{"start":{"line":7,"column":0},"end":{"line":7,"column":43}}},"fnMap":{},"branchMap":{},"s":{"0":1,"1":1,"2":1},"f":{},"b":{},"_coverageSchema":"1a1c01bbd47fc00a2c39e90264f33305004495a9","hash":"c983955eeb800a819fad958a2eb9063b73dd959a","contentHash":"cf90989f3967136be4848578d65d5bf59dee5d7ea7cd3c68d7f3613e75d68de4"},"C:\\Users\\sergi\\OneDrive\\Desktop\\proyecto alkemy nodeJS\\OT291-server\\services\\paymentService.js":{"path":"C:\\Users\\sergi\\OneDrive\\Desktop\\proyecto alkemy nodeJS\\OT291-server\\services\\paymentService.js","statementMap":{"0":{"start":{"line":1,"column":25},"end":{"line":1,"column":56}},"1":{"start":{"line":2,"column":20},"end":{"line":2,"column":54}},"2":{"start":{"line":5,"column":15},"end":{"line":5,"column":43}},"3":{"start":{"line":6,"column":28},"end":{"line":15,"column":3}},"4":{"start":{"line":18,"column":4},"end":{"line":18,"column":79}},"5":{"start":{"line":19,"column":4},"end":{"line":19,"column":77}},"6":{"start":{"line":20,"column":4},"end":{"line":20,"column":43}},"7":{"start":{"line":24,"column":4},"end":{"line":34,"column":5}},"8":{"start":{"line":25,"column":19},"end":{"line":25,"column":74}},"9":{"start":{"line":26,"column":22},"end":{"line":30,"column":7}},"10":{"start":{"line":31,"column":6},"end":{"line":31,"column":32}},"11":{"start":{"line":33,"column":6},"end":{"line":33,"column":29}},"12":{"start":{"line":37,"column":0},"end":{"line":37,"column":32}}},"fnMap":{"0":{"name":"(anonymous_0)","decl":{"start":{"line":17,"column":2},"end":{"line":17,"column":3}},"loc":{"start":{"line":17,"column":50},"end":{"line":21,"column":3}},"line":17},"1":{"name":"(anonymous_1)","decl":{"start":{"line":23,"column":2},"end":{"line":23,"column":3}},"loc":{"start":{"line":23,"column":63},"end":{"line":35,"column":3}},"line":23}},"branchMap":{"0":{"loc":{"start":{"line":23,"column":42},"end":{"line":23,"column":61}},"type":"default-arg","locations":[{"start":{"line":23,"column":56},"end":{"line":23,"column":61}}],"line":23}},"s":{"0":1,"1":1,"2":1,"3":1,"4":0,"5":0,"6":0,"7":0,"8":0,"9":0,"10":0,"11":0,"12":1},"f":{"0":0,"1":0},"b":{"0":[0]},"_coverageSchema":"1a1c01bbd47fc00a2c39e90264f33305004495a9","hash":"9934c895a8da7be570be2303135aa864cc158cb9","contentHash":"3b35e3e68f48bfdcd47bc0f9a36048e091c8b2f4ee18f50ac23d77418e0ac1dd"},"C:\\Users\\sergi\\OneDrive\\Desktop\\proyecto alkemy nodeJS\\OT291-server\\services\\HttpAdapter.js":{"path":"C:\\Users\\sergi\\OneDrive\\Desktop\\proyecto alkemy nodeJS\\OT291-server\\services\\HttpAdapter.js","statementMap":{"0":{"start":{"line":1,"column":14},"end":{"line":1,"column":30}},"1":{"start":{"line":4,"column":20},"end":{"line":8,"column":4}},"2":{"start":{"line":10,"column":4},"end":{"line":15,"column":5}},"3":{"start":{"line":11,"column":19},"end":{"line":11,"column":54}},"4":{"start":{"line":12,"column":6},"end":{"line":12,"column":23}},"5":{"start":{"line":14,"column":6},"end":{"line":14,"column":29}},"6":{"start":{"line":19,"column":4},"end":{"line":29,"column":5}},"7":{"start":{"line":20,"column":6},"end":{"line":20,"column":24}},"8":{"start":{"line":21,"column":19},"end":{"line":25,"column":8}},"9":{"start":{"line":26,"column":6},"end":{"line":26,"column":23}},"10":{"start":{"line":28,"column":6},"end":{"line":28,"column":43}},"11":{"start":{"line":33,"column":0},"end":{"line":33,"column":29}}},"fnMap":{"0":{"name":"(anonymous_0)","decl":{"start":{"line":9,"column":2},"end":{"line":9,"column":3}},"loc":{"start":{"line":9,"column":24},"end":{"line":16,"column":3}},"line":9},"1":{"name":"(anonymous_1)","decl":{"start":{"line":18,"column":2},"end":{"line":18,"column":3}},"loc":{"start":{"line":18,"column":46},"end":{"line":30,"column":3}},"line":18}},"branchMap":{},"s":{"0":1,"1":1,"2":0,"3":0,"4":0,"5":0,"6":0,"7":0,"8":0,"9":0,"10":0,"11":1},"f":{"0":0,"1":0},"b":{},"_coverageSchema":"1a1c01bbd47fc00a2c39e90264f33305004495a9","hash":"2563cff1fcdd7bea0d28b50d303f2a1c512e9e9e","contentHash":"1fa8f0427c5cdf2acf45de565e97be8c37abae13fbda912a0543a02f084ea25a"},"C:\\Users\\sergi\\OneDrive\\Desktop\\proyecto alkemy nodeJS\\OT291-server\\dao\\order.js":{"path":"C:\\Users\\sergi\\OneDrive\\Desktop\\proyecto alkemy nodeJS\\OT291-server\\dao\\order.js","statementMap":{"0":{"start":{"line":1,"column":18},"end":{"line":1,"column":38}},"1":{"start":{"line":2,"column":23},"end":{"line":2,"column":57}},"2":{"start":{"line":5,"column":4},"end":{"line":11,"column":5}},"3":{"start":{"line":6,"column":19},"end":{"line":6,"column":43}},"4":{"start":{"line":7,"column":21},"end":{"line":7,"column":53}},"5":{"start":{"line":8,"column":6},"end":{"line":8,"column":20}},"6":{"start":{"line":10,"column":6},"end":{"line":10,"column":60}},"7":{"start":{"line":15,"column":0},"end":{"line":15,"column":26}}},"fnMap":{"0":{"name":"(anonymous_0)","decl":{"start":{"line":4,"column":2},"end":{"line":4,"column":3}},"loc":{"start":{"line":4,"column":33},"end":{"line":12,"column":3}},"line":4}},"branchMap":{},"s":{"0":1,"1":1,"2":0,"3":0,"4":0,"5":0,"6":0,"7":1},"f":{"0":0},"b":{},"_coverageSchema":"1a1c01bbd47fc00a2c39e90264f33305004495a9","hash":"f03c085ef2b313b72f6468fd95922ff39b3df483","contentHash":"e21518d10c659055a3fafc4f628444c85b9aa8b3f9a7ff77ad89046a12451d0b"}}